生成启动时间为 2015/10/1 16:26:31。
     1>项目“E:\VS2010Storage\TargetShoot\TargetShoot\TargetShoot.vcxproj”在节点 2 上(build 个目标)。
     1>InitializeBuildStatus:
         正在创建“Debug\TargetShoot.unsuccessfulbuild”，因为已指定“AlwaysCreate”。
       ClCompile:
         e:\VS2010SetupFile\VC\bin\CL.exe /c /ZI /nologo /W3 /WX- /Od /Oy- /D WIN32 /D _DEBUG /D _CONSOLE /D _UNICODE /D UNICODE /Gm /EHsc /RTC1 /MDd /GS /fp:precise /Zc:wchar_t /Zc:forScope /Fo"Debug\\" /Fd"Debug\vc100.pdb" /Gd /TP /analyze- /errorReport:prompt CharacterSubstr.cpp
         CharacterSubstr.cpp
       ManifestResourceCompile:
         所有输出均为最新。
       Link:
         e:\VS2010SetupFile\VC\bin\link.exe /ERRORREPORT:PROMPT /OUT:"E:\VS2010Storage\TargetShoot\Debug\TargetShoot.exe" /INCREMENTAL /NOLOGO kernel32.lib user32.lib gdi32.lib winspool.lib comdlg32.lib advapi32.lib shell32.lib ole32.lib oleaut32.lib uuid.lib odbc32.lib odbccp32.lib /MANIFEST /ManifestFile:"Debug\TargetShoot.exe.intermediate.manifest" /MANIFESTUAC:"level='asInvoker' uiAccess='false'" /DEBUG /PDB:"E:\VS2010Storage\TargetShoot\Debug\TargetShoot.pdb" /SUBSYSTEM:CONSOLE /TLBID:1 /DYNAMICBASE /NXCOMPAT /IMPLIB:"E:\VS2010Storage\TargetShoot\Debug\TargetShoot.lib" /MACHINE:X86 Debug\TargetShoot.exe.embed.manifest.res
         Debug\CharacterSubstr.obj
       Manifest:
         C:\Program Files\Microsoft SDKs\Windows\v7.0A\bin\mt.exe /nologo /verbose /out:"Debug\TargetShoot.exe.embed.manifest" /manifest Debug\TargetShoot.exe.intermediate.manifest
         所有输出均为最新。
       LinkEmbedManifest:
         所有输出均为最新。
         TargetShoot.vcxproj -> E:\VS2010Storage\TargetShoot\Debug\TargetShoot.exe
       FinalizeBuildStatus:
         正在删除文件“Debug\TargetShoot.unsuccessfulbuild”。
         正在对“Debug\TargetShoot.lastbuildstate”执行 Touch 任务。
     1>已完成生成项目“E:\VS2010Storage\TargetShoot\TargetShoot\TargetShoot.vcxproj”(build 个目标)的操作。

生成成功。

已用时间 00:00:01.90
