生成启动时间为 2016/8/5 23:20:01。
     1>项目“E:\VS2010\VS2010Storage\YanZhenMa\YanZhenMa.vcxproj”在节点 2 上(build 个目标)。
     1>InitializeBuildStatus:
         正在创建“.\Debug\YanZhenMa.unsuccessfulbuild”，因为已指定“AlwaysCreate”。
       ClCompile:
         所有输出均为最新。
         所有输出均为最新。
       ResourceCompile:
         所有输出均为最新。
       ManifestResourceCompile:
         所有输出均为最新。
       Link:
         所有输出均为最新。
       Manifest:
         所有输出均为最新。
         所有输出均为最新。
       FinalizeBuildStatus:
         正在删除文件“.\Debug\YanZhenMa.unsuccessfulbuild”。
         正在对“.\Debug\YanZhenMa.lastbuildstate”执行 Touch 任务。
     1>已完成生成项目“E:\VS2010\VS2010Storage\YanZhenMa\YanZhenMa.vcxproj”(build 个目标)的操作。

生成成功。

已用时间 00:00:00.09
