F:\VS2010STORAGE\C++SQL\C++SQL\DEBUG\C++SQL.EXE.EMBED.MANIFEST
F:\VS2010STORAGE\C++SQL\C++SQL\DEBUG\C++SQL.EXE.EMBED.MANIFEST.RES
F:\VS2010STORAGE\C++SQL\C++SQL\DEBUG\C++SQL.EXE.INTERMEDIATE.MANIFEST
F:\VS2010STORAGE\C++SQL\C++SQL\DEBUG\C++SQL.OBJ
F:\VS2010Storage\c++sql\c++sql\Debug\c++sql.write.1.tlog
F:\VS2010Storage\c++sql\c++sql\Debug\c++sql_manifest.rc
F:\VS2010Storage\c++sql\c++sql\Debug\cl.command.1.tlog
F:\VS2010Storage\c++sql\c++sql\Debug\CL.read.1.tlog
F:\VS2010Storage\c++sql\c++sql\Debug\CL.write.1.tlog
F:\VS2010Storage\c++sql\c++sql\Debug\link.6152.read.1.tlog
F:\VS2010Storage\c++sql\c++sql\Debug\link.6152.write.1.tlog
F:\VS2010Storage\c++sql\c++sql\Debug\link.6152-cvtres.read.1.tlog
F:\VS2010Storage\c++sql\c++sql\Debug\link.6152-cvtres.write.1.tlog
F:\VS2010Storage\c++sql\c++sql\Debug\link.command.1.tlog
F:\VS2010Storage\c++sql\c++sql\Debug\link.read.1.tlog
F:\VS2010Storage\c++sql\c++sql\Debug\link.write.1.tlog
F:\VS2010Storage\c++sql\c++sql\Debug\link-cvtres.read.1.tlog
F:\VS2010Storage\c++sql\c++sql\Debug\link-cvtres.write.1.tlog
F:\VS2010Storage\c++sql\c++sql\Debug\msado15.tlh
F:\VS2010Storage\c++sql\c++sql\Debug\msado15.tli
F:\VS2010Storage\c++sql\c++sql\Debug\mt.command.1.tlog
F:\VS2010Storage\c++sql\c++sql\Debug\mt.read.1.tlog
F:\VS2010Storage\c++sql\c++sql\Debug\mt.write.1.tlog
F:\VS2010Storage\c++sql\c++sql\Debug\rc.command.1.tlog
F:\VS2010Storage\c++sql\c++sql\Debug\rc.read.1.tlog
F:\VS2010Storage\c++sql\c++sql\Debug\rc.write.1.tlog
F:\VS2010Storage\c++sql\c++sql\Debug\vc100.idb
F:\VS2010STORAGE\C++SQL\C++SQL\DEBUG\VC100.PDB
F:\VS2010STORAGE\C++SQL\DEBUG\C++SQL.EXE
F:\VS2010STORAGE\C++SQL\DEBUG\C++SQL.ILK
F:\VS2010STORAGE\C++SQL\DEBUG\C++SQL.PDB
