生成启动时间为 2016/4/30 17:03:22。
     1>项目“F:\VS2010Storage\c++sql\c++sql\c++sql.vcxproj”在节点 2 上(build 个目标)。
     1>InitializeBuildStatus:
         正在创建“Debug\c++sql.unsuccessfulbuild”，因为已指定“AlwaysCreate”。
       ClCompile:
         d:\VS2010SetupFile\VC\bin\CL.exe /c /ZI /nologo /W3 /WX- /Od /Oy- /D WIN32 /D _DEBUG /D _CONSOLE /D _MBCS /Gm /EHsc /RTC1 /MDd /GS /fp:precise /Zc:wchar_t /Zc:forScope /Fo"Debug\\" /Fd"Debug\vc100.pdb" /Gd /TP /analyze- /errorReport:prompt c++sql.cpp
         c++sql.cpp
       ManifestResourceCompile:
         所有输出均为最新。
       Link:
         d:\VS2010SetupFile\VC\bin\link.exe /ERRORREPORT:PROMPT /OUT:"F:\VS2010Storage\c++sql\Debug\c++sql.exe" /INCREMENTAL /NOLOGO kernel32.lib user32.lib gdi32.lib winspool.lib comdlg32.lib advapi32.lib shell32.lib ole32.lib oleaut32.lib uuid.lib odbc32.lib odbccp32.lib /MANIFEST /ManifestFile:"Debug\c++sql.exe.intermediate.manifest" /MANIFESTUAC:"level='asInvoker' uiAccess='false'" /DEBUG /PDB:"F:\VS2010Storage\c++sql\Debug\c++sql.pdb" /SUBSYSTEM:CONSOLE /TLBID:1 /DYNAMICBASE /NXCOMPAT /IMPLIB:"F:\VS2010Storage\c++sql\Debug\c++sql.lib" /MACHINE:X86 Debug\c++sql.exe.embed.manifest.res
         Debug\c++sql.obj
       Manifest:
         C:\Program Files (x86)\Microsoft SDKs\Windows\v7.0A\bin\mt.exe /nologo /verbose /out:"Debug\c++sql.exe.embed.manifest" /manifest Debug\c++sql.exe.intermediate.manifest
         所有输出均为最新。
       LinkEmbedManifest:
         所有输出均为最新。
         c++sql.vcxproj -> F:\VS2010Storage\c++sql\Debug\c++sql.exe
       FinalizeBuildStatus:
         正在删除文件“Debug\c++sql.unsuccessfulbuild”。
         正在对“Debug\c++sql.lastbuildstate”执行 Touch 任务。
     1>已完成生成项目“F:\VS2010Storage\c++sql\c++sql\c++sql.vcxproj”(build 个目标)的操作。

生成成功。

已用时间 00:00:00.80
