F:\VS2010STORAGE\LOGIN_CONNECTDATABASE\DEBUG\LOGIN_CONNECTDATABASE.EXE
F:\VS2010STORAGE\LOGIN_CONNECTDATABASE\DEBUG\LOGIN_CONNECTDATABASE.ILK
F:\VS2010STORAGE\LOGIN_CONNECTDATABASE\DEBUG\LOGIN_CONNECTDATABASE.PDB
F:\VS2010STORAGE\LOGIN_CONNECTDATABASE\LOGIN_CONNECTDATABASE\DEBUG\CHANGECODE.OBJ
F:\VS2010Storage\Login_ConnectDataBase\Login_ConnectDataBase\Debug\cl.command.1.tlog
F:\VS2010Storage\Login_ConnectDataBase\Login_ConnectDataBase\Debug\CL.read.1.tlog
F:\VS2010Storage\Login_ConnectDataBase\Login_ConnectDataBase\Debug\CL.write.1.tlog
F:\VS2010Storage\Login_ConnectDataBase\Login_ConnectDataBase\Debug\link.command.1.tlog
F:\VS2010Storage\Login_ConnectDataBase\Login_ConnectDataBase\Debug\link.read.1.tlog
F:\VS2010Storage\Login_ConnectDataBase\Login_ConnectDataBase\Debug\link.write.1.tlog
F:\VS2010Storage\Login_ConnectDataBase\Login_ConnectDataBase\Debug\link-cvtres.read.1.tlog
F:\VS2010Storage\Login_ConnectDataBase\Login_ConnectDataBase\Debug\link-cvtres.write.1.tlog
F:\VS2010STORAGE\LOGIN_CONNECTDATABASE\LOGIN_CONNECTDATABASE\DEBUG\LOGIN_CONNECTDATABASE.EXE.EMBED.MANIFEST
F:\VS2010STORAGE\LOGIN_CONNECTDATABASE\LOGIN_CONNECTDATABASE\DEBUG\LOGIN_CONNECTDATABASE.EXE.EMBED.MANIFEST.RES
F:\VS2010STORAGE\LOGIN_CONNECTDATABASE\LOGIN_CONNECTDATABASE\DEBUG\LOGIN_CONNECTDATABASE.EXE.INTERMEDIATE.MANIFEST
F:\VS2010STORAGE\LOGIN_CONNECTDATABASE\LOGIN_CONNECTDATABASE\DEBUG\LOGIN_CONNECTDATABASE.OBJ
F:\VS2010STORAGE\LOGIN_CONNECTDATABASE\LOGIN_CONNECTDATABASE\DEBUG\LOGIN_CONNECTDATABASE.PCH
F:\VS2010STORAGE\LOGIN_CONNECTDATABASE\LOGIN_CONNECTDATABASE\DEBUG\LOGIN_CONNECTDATABASE.RES
F:\VS2010Storage\Login_ConnectDataBase\Login_ConnectDataBase\Debug\Login_ConnectDataBase.vcxprojResolveAssemblyReference.cache
F:\VS2010Storage\Login_ConnectDataBase\Login_ConnectDataBase\Debug\Login_ConnectDataBase.write.1.tlog
F:\VS2010Storage\Login_ConnectDataBase\Login_ConnectDataBase\Debug\Login_ConnectDataBase_manifest.rc
F:\VS2010STORAGE\LOGIN_CONNECTDATABASE\LOGIN_CONNECTDATABASE\DEBUG\LOGIN_CONNECTDATABASEDLG.OBJ
F:\VS2010STORAGE\LOGIN_CONNECTDATABASE\LOGIN_CONNECTDATABASE\DEBUG\MAINVIEW.OBJ
F:\VS2010Storage\Login_ConnectDataBase\Login_ConnectDataBase\Debug\msado15.tlh
F:\VS2010Storage\Login_ConnectDataBase\Login_ConnectDataBase\Debug\msado15.tli
F:\VS2010Storage\Login_ConnectDataBase\Login_ConnectDataBase\Debug\mt.command.1.tlog
F:\VS2010Storage\Login_ConnectDataBase\Login_ConnectDataBase\Debug\mt.read.1.tlog
F:\VS2010Storage\Login_ConnectDataBase\Login_ConnectDataBase\Debug\mt.write.1.tlog
F:\VS2010Storage\Login_ConnectDataBase\Login_ConnectDataBase\Debug\rc.command.1.tlog
F:\VS2010Storage\Login_ConnectDataBase\Login_ConnectDataBase\Debug\rc.read.1.tlog
F:\VS2010Storage\Login_ConnectDataBase\Login_ConnectDataBase\Debug\rc.write.1.tlog
F:\VS2010STORAGE\LOGIN_CONNECTDATABASE\LOGIN_CONNECTDATABASE\DEBUG\SIGINDLG.OBJ
F:\VS2010STORAGE\LOGIN_CONNECTDATABASE\LOGIN_CONNECTDATABASE\DEBUG\SQLOPERATION.OBJ
F:\VS2010STORAGE\LOGIN_CONNECTDATABASE\LOGIN_CONNECTDATABASE\DEBUG\STDAFX.OBJ
F:\VS2010Storage\Login_ConnectDataBase\Login_ConnectDataBase\Debug\vc100.idb
F:\VS2010STORAGE\LOGIN_CONNECTDATABASE\LOGIN_CONNECTDATABASE\DEBUG\VC100.PDB
