E:\VS2010\VS2010Storage\BaiduZhidaoC++\BaiduZhidaoC++\Debug\BaiduZhidaoC++.exe.embed.manifest
E:\VS2010\VS2010Storage\BaiduZhidaoC++\BaiduZhidaoC++\Debug\BaiduZhidaoC++.exe.embed.manifest.res
E:\VS2010\VS2010Storage\BaiduZhidaoC++\BaiduZhidaoC++\Debug\BaiduZhidaoC++.exe.intermediate.manifest
E:\VS2010\VS2010Storage\BaiduZhidaoC++\BaiduZhidaoC++\Debug\BaiduZhidaoC++.obj
E:\VS2010\VS2010Storage\BaiduZhidaoC++\BaiduZhidaoC++\Debug\BaiduZhidaoC++_manifest.rc
E:\VS2010\VS2010Storage\BaiduZhidaoC++\BaiduZhidaoC++\Debug\cl.command.1.tlog
E:\VS2010\VS2010Storage\BaiduZhidaoC++\BaiduZhidaoC++\Debug\CL.read.1.tlog
E:\VS2010\VS2010Storage\BaiduZhidaoC++\BaiduZhidaoC++\Debug\CL.write.1.tlog
E:\VS2010\VS2010Storage\BaiduZhidaoC++\BaiduZhidaoC++\Debug\CodeSegment.obj
E:\VS2010\VS2010Storage\BaiduZhidaoC++\BaiduZhidaoC++\Debug\JiCheng.obj
E:\VS2010\VS2010Storage\BaiduZhidaoC++\BaiduZhidaoC++\Debug\link.10408.read.1.tlog
E:\VS2010\VS2010Storage\BaiduZhidaoC++\BaiduZhidaoC++\Debug\link.10408.write.1.tlog
E:\VS2010\VS2010Storage\BaiduZhidaoC++\BaiduZhidaoC++\Debug\link.10408-cvtres.read.1.tlog
E:\VS2010\VS2010Storage\BaiduZhidaoC++\BaiduZhidaoC++\Debug\link.10408-cvtres.write.1.tlog
E:\VS2010\VS2010Storage\BaiduZhidaoC++\BaiduZhidaoC++\Debug\link.10620.read.1.tlog
E:\VS2010\VS2010Storage\BaiduZhidaoC++\BaiduZhidaoC++\Debug\link.10620.write.1.tlog
E:\VS2010\VS2010Storage\BaiduZhidaoC++\BaiduZhidaoC++\Debug\link.10620-cvtres.read.1.tlog
E:\VS2010\VS2010Storage\BaiduZhidaoC++\BaiduZhidaoC++\Debug\link.10620-cvtres.write.1.tlog
E:\VS2010\VS2010Storage\BaiduZhidaoC++\BaiduZhidaoC++\Debug\link.10984.read.1.tlog
E:\VS2010\VS2010Storage\BaiduZhidaoC++\BaiduZhidaoC++\Debug\link.10984.write.1.tlog
E:\VS2010\VS2010Storage\BaiduZhidaoC++\BaiduZhidaoC++\Debug\link.10984-cvtres.read.1.tlog
E:\VS2010\VS2010Storage\BaiduZhidaoC++\BaiduZhidaoC++\Debug\link.10984-cvtres.write.1.tlog
E:\VS2010\VS2010Storage\BaiduZhidaoC++\BaiduZhidaoC++\Debug\link.11476.read.1.tlog
E:\VS2010\VS2010Storage\BaiduZhidaoC++\BaiduZhidaoC++\Debug\link.11476.write.1.tlog
E:\VS2010\VS2010Storage\BaiduZhidaoC++\BaiduZhidaoC++\Debug\link.11476-cvtres.read.1.tlog
E:\VS2010\VS2010Storage\BaiduZhidaoC++\BaiduZhidaoC++\Debug\link.11476-cvtres.write.1.tlog
E:\VS2010\VS2010Storage\BaiduZhidaoC++\BaiduZhidaoC++\Debug\link.13152.read.1.tlog
E:\VS2010\VS2010Storage\BaiduZhidaoC++\BaiduZhidaoC++\Debug\link.13152.write.1.tlog
E:\VS2010\VS2010Storage\BaiduZhidaoC++\BaiduZhidaoC++\Debug\link.13152-cvtres.read.1.tlog
E:\VS2010\VS2010Storage\BaiduZhidaoC++\BaiduZhidaoC++\Debug\link.13152-cvtres.write.1.tlog
E:\VS2010\VS2010Storage\BaiduZhidaoC++\BaiduZhidaoC++\Debug\link.13260.read.1.tlog
E:\VS2010\VS2010Storage\BaiduZhidaoC++\BaiduZhidaoC++\Debug\link.13260.write.1.tlog
E:\VS2010\VS2010Storage\BaiduZhidaoC++\BaiduZhidaoC++\Debug\link.13260-cvtres.read.1.tlog
E:\VS2010\VS2010Storage\BaiduZhidaoC++\BaiduZhidaoC++\Debug\link.13260-cvtres.write.1.tlog
E:\VS2010\VS2010Storage\BaiduZhidaoC++\BaiduZhidaoC++\Debug\link.17684.read.1.tlog
E:\VS2010\VS2010Storage\BaiduZhidaoC++\BaiduZhidaoC++\Debug\link.17684.write.1.tlog
E:\VS2010\VS2010Storage\BaiduZhidaoC++\BaiduZhidaoC++\Debug\link.17684-cvtres.read.1.tlog
E:\VS2010\VS2010Storage\BaiduZhidaoC++\BaiduZhidaoC++\Debug\link.17684-cvtres.write.1.tlog
E:\VS2010\VS2010Storage\BaiduZhidaoC++\BaiduZhidaoC++\Debug\link.17704.read.1.tlog
E:\VS2010\VS2010Storage\BaiduZhidaoC++\BaiduZhidaoC++\Debug\link.17704.write.1.tlog
E:\VS2010\VS2010Storage\BaiduZhidaoC++\BaiduZhidaoC++\Debug\link.17704-cvtres.read.1.tlog
E:\VS2010\VS2010Storage\BaiduZhidaoC++\BaiduZhidaoC++\Debug\link.17704-cvtres.write.1.tlog
E:\VS2010\VS2010Storage\BaiduZhidaoC++\BaiduZhidaoC++\Debug\link.18496.read.1.tlog
E:\VS2010\VS2010Storage\BaiduZhidaoC++\BaiduZhidaoC++\Debug\link.18496.write.1.tlog
E:\VS2010\VS2010Storage\BaiduZhidaoC++\BaiduZhidaoC++\Debug\link.18496-cvtres.read.1.tlog
E:\VS2010\VS2010Storage\BaiduZhidaoC++\BaiduZhidaoC++\Debug\link.18496-cvtres.write.1.tlog
E:\VS2010\VS2010Storage\BaiduZhidaoC++\BaiduZhidaoC++\Debug\link.20568.read.1.tlog
E:\VS2010\VS2010Storage\BaiduZhidaoC++\BaiduZhidaoC++\Debug\link.20568.write.1.tlog
E:\VS2010\VS2010Storage\BaiduZhidaoC++\BaiduZhidaoC++\Debug\link.20568-cvtres.read.1.tlog
E:\VS2010\VS2010Storage\BaiduZhidaoC++\BaiduZhidaoC++\Debug\link.20568-cvtres.write.1.tlog
E:\VS2010\VS2010Storage\BaiduZhidaoC++\BaiduZhidaoC++\Debug\link.29388.read.1.tlog
E:\VS2010\VS2010Storage\BaiduZhidaoC++\BaiduZhidaoC++\Debug\link.29388.write.1.tlog
E:\VS2010\VS2010Storage\BaiduZhidaoC++\BaiduZhidaoC++\Debug\link.29388-cvtres.read.1.tlog
E:\VS2010\VS2010Storage\BaiduZhidaoC++\BaiduZhidaoC++\Debug\link.29388-cvtres.write.1.tlog
E:\VS2010\VS2010Storage\BaiduZhidaoC++\BaiduZhidaoC++\Debug\link.3280.read.1.tlog
E:\VS2010\VS2010Storage\BaiduZhidaoC++\BaiduZhidaoC++\Debug\link.3280.write.1.tlog
E:\VS2010\VS2010Storage\BaiduZhidaoC++\BaiduZhidaoC++\Debug\link.3280-cvtres.read.1.tlog
E:\VS2010\VS2010Storage\BaiduZhidaoC++\BaiduZhidaoC++\Debug\link.3280-cvtres.write.1.tlog
E:\VS2010\VS2010Storage\BaiduZhidaoC++\BaiduZhidaoC++\Debug\link.6360.read.1.tlog
E:\VS2010\VS2010Storage\BaiduZhidaoC++\BaiduZhidaoC++\Debug\link.6360.write.1.tlog
E:\VS2010\VS2010Storage\BaiduZhidaoC++\BaiduZhidaoC++\Debug\link.6360-cvtres.read.1.tlog
E:\VS2010\VS2010Storage\BaiduZhidaoC++\BaiduZhidaoC++\Debug\link.6360-cvtres.write.1.tlog
E:\VS2010\VS2010Storage\BaiduZhidaoC++\BaiduZhidaoC++\Debug\link.7276.read.1.tlog
E:\VS2010\VS2010Storage\BaiduZhidaoC++\BaiduZhidaoC++\Debug\link.7276.write.1.tlog
E:\VS2010\VS2010Storage\BaiduZhidaoC++\BaiduZhidaoC++\Debug\link.7276-cvtres.read.1.tlog
E:\VS2010\VS2010Storage\BaiduZhidaoC++\BaiduZhidaoC++\Debug\link.7276-cvtres.write.1.tlog
E:\VS2010\VS2010Storage\BaiduZhidaoC++\BaiduZhidaoC++\Debug\link.7376.read.1.tlog
E:\VS2010\VS2010Storage\BaiduZhidaoC++\BaiduZhidaoC++\Debug\link.7376.write.1.tlog
E:\VS2010\VS2010Storage\BaiduZhidaoC++\BaiduZhidaoC++\Debug\link.7376-cvtres.read.1.tlog
E:\VS2010\VS2010Storage\BaiduZhidaoC++\BaiduZhidaoC++\Debug\link.7376-cvtres.write.1.tlog
E:\VS2010\VS2010Storage\BaiduZhidaoC++\BaiduZhidaoC++\Debug\link.command.1.tlog
E:\VS2010\VS2010Storage\BaiduZhidaoC++\BaiduZhidaoC++\Debug\link.read.1.tlog
E:\VS2010\VS2010Storage\BaiduZhidaoC++\BaiduZhidaoC++\Debug\link.write.1.tlog
E:\VS2010\VS2010Storage\BaiduZhidaoC++\BaiduZhidaoC++\Debug\link-cvtres.read.1.tlog
E:\VS2010\VS2010Storage\BaiduZhidaoC++\BaiduZhidaoC++\Debug\link-cvtres.write.1.tlog
E:\VS2010\VS2010Storage\BaiduZhidaoC++\BaiduZhidaoC++\Debug\mt.command.1.tlog
E:\VS2010\VS2010Storage\BaiduZhidaoC++\BaiduZhidaoC++\Debug\mt.read.1.tlog
E:\VS2010\VS2010Storage\BaiduZhidaoC++\BaiduZhidaoC++\Debug\mt.write.1.tlog
E:\VS2010\VS2010Storage\BaiduZhidaoC++\BaiduZhidaoC++\Debug\rc.command.1.tlog
E:\VS2010\VS2010Storage\BaiduZhidaoC++\BaiduZhidaoC++\Debug\rc.read.1.tlog
E:\VS2010\VS2010Storage\BaiduZhidaoC++\BaiduZhidaoC++\Debug\rc.write.1.tlog
E:\VS2010\VS2010Storage\BaiduZhidaoC++\BaiduZhidaoC++\Debug\vc100.idb
E:\VS2010\VS2010Storage\BaiduZhidaoC++\BaiduZhidaoC++\Debug\vc100.pdb
E:\VS2010\VS2010Storage\BaiduZhidaoC++\Debug\BaiduZhidaoC++.exe
E:\VS2010\VS2010Storage\BaiduZhidaoC++\Debug\BaiduZhidaoC++.ilk
E:\VS2010\VS2010Storage\BaiduZhidaoC++\Debug\BaiduZhidaoC++.pdb
E:\VS2010STORAGE\BAIDUZHIDAOC++\BAIDUZHIDAOC++\DEBUG\BAIDUZHIDAOC++.EXE.EMBED.MANIFEST
E:\VS2010STORAGE\BAIDUZHIDAOC++\BAIDUZHIDAOC++\DEBUG\BAIDUZHIDAOC++.EXE.EMBED.MANIFEST.RES
E:\VS2010STORAGE\BAIDUZHIDAOC++\BAIDUZHIDAOC++\DEBUG\BAIDUZHIDAOC++.EXE.INTERMEDIATE.MANIFEST
E:\VS2010STORAGE\BAIDUZHIDAOC++\BAIDUZHIDAOC++\DEBUG\BAIDUZHIDAOC++.OBJ
E:\VS2010STORAGE\BAIDUZHIDAOC++\BAIDUZHIDAOC++\DEBUG\CODESEGMENT.OBJ
E:\VS2010STORAGE\BAIDUZHIDAOC++\BAIDUZHIDAOC++\DEBUG\JICHENG.OBJ
E:\VS2010STORAGE\BAIDUZHIDAOC++\BAIDUZHIDAOC++\DEBUG\VC100.PDB
E:\VS2010STORAGE\BAIDUZHIDAOC++\DEBUG\BAIDUZHIDAOC++.EXE
E:\VS2010STORAGE\BAIDUZHIDAOC++\DEBUG\BAIDUZHIDAOC++.ILK
E:\VS2010STORAGE\BAIDUZHIDAOC++\DEBUG\BAIDUZHIDAOC++.PDB
