生成启动时间为 2017/1/8 16:19:09。
     1>项目“E:\VS2010\VS2010Storage\BaiduZhidaoC++\BaiduZhidaoC++\BaiduZhidaoC++.vcxproj”在节点 2 上(build 个目标)。
     1>InitializeBuildStatus:
         正在创建“Debug\BaiduZhidaoC++.unsuccessfulbuild”，因为已指定“AlwaysCreate”。
       ClCompile:
         C:\Program Files (x86)\Microsoft Visual Studio 10.0\VC\bin\CL.exe /c /ZI /nologo /W3 /WX- /Od /Oy- /D WIN32 /D _DEBUG /D _CONSOLE /D _UNICODE /D UNICODE /Gm /EHsc /RTC1 /MDd /GS /fp:precise /Zc:wchar_t /Zc:forScope /Fo"Debug\\" /Fd"Debug\vc100.pdb" /Gd /TP /analyze- /errorReport:prompt JiCheng.cpp
         JiCheng.cpp
     1>e:\vs2010\vs2010storage\baiduzhidaoc++\baiduzhidaoc++\jicheng.cpp(408): warning C4305: “初始化”: 从“int”到“unsigned short”截断
     1>e:\vs2010\vs2010storage\baiduzhidaoc++\baiduzhidaoc++\jicheng.cpp(408): warning C4309: “初始化”: 截断常量值
       ManifestResourceCompile:
         所有输出均为最新。
       Link:
         C:\Program Files (x86)\Microsoft Visual Studio 10.0\VC\bin\link.exe /ERRORREPORT:PROMPT /OUT:"E:\VS2010\VS2010Storage\BaiduZhidaoC++\Debug\BaiduZhidaoC++.exe" /INCREMENTAL /NOLOGO kernel32.lib user32.lib gdi32.lib winspool.lib comdlg32.lib advapi32.lib shell32.lib ole32.lib oleaut32.lib uuid.lib odbc32.lib odbccp32.lib /MANIFEST /ManifestFile:"Debug\BaiduZhidaoC++.exe.intermediate.manifest" /MANIFESTUAC:"level='asInvoker' uiAccess='false'" /DEBUG /PDB:"E:\VS2010\VS2010Storage\BaiduZhidaoC++\Debug\BaiduZhidaoC++.pdb" /SUBSYSTEM:CONSOLE /TLBID:1 /DYNAMICBASE /NXCOMPAT /IMPLIB:"E:\VS2010\VS2010Storage\BaiduZhidaoC++\Debug\BaiduZhidaoC++.lib" /MACHINE:X86 Debug\BaiduZhidaoC++.exe.embed.manifest.res
         Debug\JiCheng.obj
       Manifest:
         C:\Program Files (x86)\Microsoft SDKs\Windows\v7.0A\bin\mt.exe /nologo /verbose /out:"Debug\BaiduZhidaoC++.exe.embed.manifest" /manifest Debug\BaiduZhidaoC++.exe.intermediate.manifest
         所有输出均为最新。
       LinkEmbedManifest:
         所有输出均为最新。
         BaiduZhidaoC++.vcxproj -> E:\VS2010\VS2010Storage\BaiduZhidaoC++\Debug\BaiduZhidaoC++.exe
       FinalizeBuildStatus:
         正在删除文件“Debug\BaiduZhidaoC++.unsuccessfulbuild”。
         正在对“Debug\BaiduZhidaoC++.lastbuildstate”执行 Touch 任务。
     1>已完成生成项目“E:\VS2010\VS2010Storage\BaiduZhidaoC++\BaiduZhidaoC++\BaiduZhidaoC++.vcxproj”(build 个目标)的操作。

生成成功。

已用时间 00:00:04.46
