生成启动时间为 2016/9/16 23:22:16。
     1>项目“E:\VS2010\VS2010Storage\AnimalFish\AnimalFish\AnimalFish.vcxproj”在节点 2 上(build 个目标)。
     1>PrepareForBuild:
         正在创建目录“E:\VS2010\VS2010Storage\AnimalFish\x64\Debug\”。
       InitializeBuildStatus:
         正在创建“x64\Debug\AnimalFish.unsuccessfulbuild”，因为已指定“AlwaysCreate”。
       ClCompile:
         C:\Program Files (x86)\Microsoft Visual Studio 10.0\VC\bin\x86_amd64\CL.exe /c /Zi /nologo /W3 /WX- /Od /D WIN32 /D _DEBUG /D _CONSOLE /D _UNICODE /D UNICODE /Gm /EHsc /RTC1 /MDd /GS /fp:precise /Zc:wchar_t /Zc:forScope /Fo"x64\Debug\\" /Fd"x64\Debug\vc100.pdb" /Gd /TP /errorReport:prompt MainFile.cpp
         MainFile.cpp
       ManifestResourceCompile:
         C:\Program Files (x86)\Microsoft SDKs\Windows\v7.0A\bin\rc.exe /nologo /fo"x64\Debug\AnimalFish.exe.embed.manifest.res" x64\Debug\AnimalFish_manifest.rc 
       Link:
         C:\Program Files (x86)\Microsoft Visual Studio 10.0\VC\bin\x86_amd64\link.exe /ERRORREPORT:PROMPT /OUT:"E:\VS2010\VS2010Storage\AnimalFish\x64\Debug\AnimalFish.exe" /INCREMENTAL /NOLOGO kernel32.lib user32.lib gdi32.lib winspool.lib comdlg32.lib advapi32.lib shell32.lib ole32.lib oleaut32.lib uuid.lib odbc32.lib odbccp32.lib /MANIFEST /ManifestFile:"x64\Debug\AnimalFish.exe.intermediate.manifest" /MANIFESTUAC:"level='asInvoker' uiAccess='false'" /DEBUG /PDB:"E:\VS2010\VS2010Storage\AnimalFish\x64\Debug\AnimalFish.pdb" /SUBSYSTEM:CONSOLE /TLBID:1 /DYNAMICBASE /NXCOMPAT /IMPLIB:"E:\VS2010\VS2010Storage\AnimalFish\x64\Debug\AnimalFish.lib" /MACHINE:X64 x64\Debug\AnimalFish.exe.embed.manifest.res
         x64\Debug\MainFile.obj
         AnimalFish.vcxproj -> E:\VS2010\VS2010Storage\AnimalFish\x64\Debug\AnimalFish.exe
       Manifest:
         C:\Program Files (x86)\Microsoft SDKs\Windows\v7.0A\bin\mt.exe /nologo /verbose /out:"x64\Debug\AnimalFish.exe.embed.manifest" /manifest x64\Debug\AnimalFish.exe.intermediate.manifest
         C:\Program Files (x86)\Microsoft SDKs\Windows\v7.0A\bin\rc.exe /nologo /fo"x64\Debug\AnimalFish.exe.embed.manifest.res" x64\Debug\AnimalFish_manifest.rc 
       LinkEmbedManifest:
         C:\Program Files (x86)\Microsoft Visual Studio 10.0\VC\bin\x86_amd64\link.exe /ERRORREPORT:PROMPT /OUT:"E:\VS2010\VS2010Storage\AnimalFish\x64\Debug\AnimalFish.exe" /INCREMENTAL /NOLOGO kernel32.lib user32.lib gdi32.lib winspool.lib comdlg32.lib advapi32.lib shell32.lib ole32.lib oleaut32.lib uuid.lib odbc32.lib odbccp32.lib /MANIFEST /ManifestFile:"x64\Debug\AnimalFish.exe.intermediate.manifest" /MANIFESTUAC:"level='asInvoker' uiAccess='false'" /DEBUG /PDB:"E:\VS2010\VS2010Storage\AnimalFish\x64\Debug\AnimalFish.pdb" /SUBSYSTEM:CONSOLE /TLBID:1 /DYNAMICBASE /NXCOMPAT /IMPLIB:"E:\VS2010\VS2010Storage\AnimalFish\x64\Debug\AnimalFish.lib" /MACHINE:X64 x64\Debug\AnimalFish.exe.embed.manifest.res
         x64\Debug\MainFile.obj
         AnimalFish.vcxproj -> E:\VS2010\VS2010Storage\AnimalFish\x64\Debug\AnimalFish.exe
       FinalizeBuildStatus:
         正在删除文件“x64\Debug\AnimalFish.unsuccessfulbuild”。
         正在对“x64\Debug\AnimalFish.lastbuildstate”执行 Touch 任务。
     1>已完成生成项目“E:\VS2010\VS2010Storage\AnimalFish\AnimalFish\AnimalFish.vcxproj”(build 个目标)的操作。

生成成功。

已用时间 00:00:04.51
