生成启动时间为 2015/9/12 20:42:35。
     1>项目“E:\VS2010Storage\DropKuoHao\DropKuoHao\DropKuoHao.vcxproj”在节点 2 上(build 个目标)。
     1>InitializeBuildStatus:
         正在创建“Debug\DropKuoHao.unsuccessfulbuild”，因为已指定“AlwaysCreate”。
       ClCompile:
         e:\VS2010SetupFile\VC\bin\CL.exe /c /ZI /nologo /W3 /WX- /Od /Oy- /D WIN32 /D _DEBUG /D _CONSOLE /D _UNICODE /D UNICODE /Gm /EHsc /RTC1 /MDd /GS /fp:precise /Zc:wchar_t /Zc:forScope /Fo"Debug\\" /Fd"Debug\vc100.pdb" /Gd /TP /analyze- /errorReport:prompt main.cpp
         main.cpp
     1>e:\vs2010storage\dropkuohao\dropkuohao\main.cpp(15): warning C4018: “<”: 有符号/无符号不匹配
       ManifestResourceCompile:
         所有输出均为最新。
       Link:
         e:\VS2010SetupFile\VC\bin\link.exe /ERRORREPORT:PROMPT /OUT:"E:\VS2010Storage\DropKuoHao\Debug\DropKuoHao.exe" /INCREMENTAL /NOLOGO kernel32.lib user32.lib gdi32.lib winspool.lib comdlg32.lib advapi32.lib shell32.lib ole32.lib oleaut32.lib uuid.lib odbc32.lib odbccp32.lib /MANIFEST /ManifestFile:"Debug\DropKuoHao.exe.intermediate.manifest" /MANIFESTUAC:"level='asInvoker' uiAccess='false'" /DEBUG /PDB:"E:\VS2010Storage\DropKuoHao\Debug\DropKuoHao.pdb" /SUBSYSTEM:CONSOLE /TLBID:1 /DYNAMICBASE /NXCOMPAT /IMPLIB:"E:\VS2010Storage\DropKuoHao\Debug\DropKuoHao.lib" /MACHINE:X86 Debug\DropKuoHao.exe.embed.manifest.res
         Debug\main.obj
       Manifest:
         C:\Program Files\Microsoft SDKs\Windows\v7.0A\bin\mt.exe /nologo /verbose /out:"Debug\DropKuoHao.exe.embed.manifest" /manifest Debug\DropKuoHao.exe.intermediate.manifest
         所有输出均为最新。
       LinkEmbedManifest:
         所有输出均为最新。
         DropKuoHao.vcxproj -> E:\VS2010Storage\DropKuoHao\Debug\DropKuoHao.exe
       FinalizeBuildStatus:
         正在删除文件“Debug\DropKuoHao.unsuccessfulbuild”。
         正在对“Debug\DropKuoHao.lastbuildstate”执行 Touch 任务。
     1>已完成生成项目“E:\VS2010Storage\DropKuoHao\DropKuoHao\DropKuoHao.vcxproj”(build 个目标)的操作。

生成成功。

已用时间 00:00:02.05
