E:\VS2010STORAGE\CREATEDLL\DEBUG\USEDLL.EXE
E:\VS2010STORAGE\CREATEDLL\DEBUG\USEDLL.ILK
E:\VS2010STORAGE\CREATEDLL\DEBUG\USEDLL.PDB
E:\VS2010Storage\CreateDLL\usedll\Debug\cl.command.1.tlog
E:\VS2010Storage\CreateDLL\usedll\Debug\CL.read.1.tlog
E:\VS2010Storage\CreateDLL\usedll\Debug\CL.write.1.tlog
E:\VS2010Storage\CreateDLL\usedll\Debug\link.17040.read.1.tlog
E:\VS2010Storage\CreateDLL\usedll\Debug\link.17040.write.1.tlog
E:\VS2010Storage\CreateDLL\usedll\Debug\link.17040-cvtres.read.1.tlog
E:\VS2010Storage\CreateDLL\usedll\Debug\link.17040-cvtres.write.1.tlog
E:\VS2010Storage\CreateDLL\usedll\Debug\link.command.1.tlog
E:\VS2010Storage\CreateDLL\usedll\Debug\link.read.1.tlog
E:\VS2010Storage\CreateDLL\usedll\Debug\link.write.1.tlog
E:\VS2010Storage\CreateDLL\usedll\Debug\link-cvtres.read.1.tlog
E:\VS2010Storage\CreateDLL\usedll\Debug\link-cvtres.write.1.tlog
E:\VS2010Storage\CreateDLL\usedll\Debug\mt.command.1.tlog
E:\VS2010Storage\CreateDLL\usedll\Debug\mt.read.1.tlog
E:\VS2010Storage\CreateDLL\usedll\Debug\mt.write.1.tlog
E:\VS2010Storage\CreateDLL\usedll\Debug\rc.command.1.tlog
E:\VS2010Storage\CreateDLL\usedll\Debug\rc.read.1.tlog
E:\VS2010Storage\CreateDLL\usedll\Debug\rc.write.1.tlog
E:\VS2010STORAGE\CREATEDLL\USEDLL\DEBUG\USEDLL.EXE.EMBED.MANIFEST
E:\VS2010STORAGE\CREATEDLL\USEDLL\DEBUG\USEDLL.EXE.EMBED.MANIFEST.RES
E:\VS2010STORAGE\CREATEDLL\USEDLL\DEBUG\USEDLL.EXE.INTERMEDIATE.MANIFEST
E:\VS2010STORAGE\CREATEDLL\USEDLL\DEBUG\USEDLL.OBJ
E:\VS2010Storage\CreateDLL\usedll\Debug\usedll_manifest.rc
E:\VS2010Storage\CreateDLL\usedll\Debug\vc100.idb
E:\VS2010STORAGE\CREATEDLL\USEDLL\DEBUG\VC100.PDB
