E:\VS2010\VS2010STORAGE\LOOKUPALGORITHM\DEBUG\LOOKUPALGORITHM.EXE
E:\VS2010\VS2010STORAGE\LOOKUPALGORITHM\DEBUG\LOOKUPALGORITHM.ILK
E:\VS2010\VS2010STORAGE\LOOKUPALGORITHM\DEBUG\LOOKUPALGORITHM.PDB
E:\VS2010\VS2010Storage\LookupAlgorithm\LookupAlgorithm\Debug\cl.command.1.tlog
E:\VS2010\VS2010Storage\LookupAlgorithm\LookupAlgorithm\Debug\CL.read.1.tlog
E:\VS2010\VS2010Storage\LookupAlgorithm\LookupAlgorithm\Debug\CL.write.1.tlog
E:\VS2010\VS2010Storage\LookupAlgorithm\LookupAlgorithm\Debug\link.6380.read.1.tlog
E:\VS2010\VS2010Storage\LookupAlgorithm\LookupAlgorithm\Debug\link.6380.write.1.tlog
E:\VS2010\VS2010Storage\LookupAlgorithm\LookupAlgorithm\Debug\link.6380-cvtres.read.1.tlog
E:\VS2010\VS2010Storage\LookupAlgorithm\LookupAlgorithm\Debug\link.6380-cvtres.write.1.tlog
E:\VS2010\VS2010Storage\LookupAlgorithm\LookupAlgorithm\Debug\link.command.1.tlog
E:\VS2010\VS2010Storage\LookupAlgorithm\LookupAlgorithm\Debug\link.read.1.tlog
E:\VS2010\VS2010Storage\LookupAlgorithm\LookupAlgorithm\Debug\link.write.1.tlog
E:\VS2010\VS2010Storage\LookupAlgorithm\LookupAlgorithm\Debug\link-cvtres.read.1.tlog
E:\VS2010\VS2010Storage\LookupAlgorithm\LookupAlgorithm\Debug\link-cvtres.write.1.tlog
E:\VS2010\VS2010STORAGE\LOOKUPALGORITHM\LOOKUPALGORITHM\DEBUG\LOOKUP.OBJ
E:\VS2010\VS2010STORAGE\LOOKUPALGORITHM\LOOKUPALGORITHM\DEBUG\LOOKUPALGORITHM.EXE.EMBED.MANIFEST
E:\VS2010\VS2010STORAGE\LOOKUPALGORITHM\LOOKUPALGORITHM\DEBUG\LOOKUPALGORITHM.EXE.EMBED.MANIFEST.RES
E:\VS2010\VS2010STORAGE\LOOKUPALGORITHM\LOOKUPALGORITHM\DEBUG\LOOKUPALGORITHM.EXE.INTERMEDIATE.MANIFEST
E:\VS2010\VS2010Storage\LookupAlgorithm\LookupAlgorithm\Debug\LookupAlgorithm_manifest.rc
E:\VS2010\VS2010STORAGE\LOOKUPALGORITHM\LOOKUPALGORITHM\DEBUG\MAIN.OBJ
E:\VS2010\VS2010Storage\LookupAlgorithm\LookupAlgorithm\Debug\mt.command.1.tlog
E:\VS2010\VS2010Storage\LookupAlgorithm\LookupAlgorithm\Debug\mt.read.1.tlog
E:\VS2010\VS2010Storage\LookupAlgorithm\LookupAlgorithm\Debug\mt.write.1.tlog
E:\VS2010\VS2010Storage\LookupAlgorithm\LookupAlgorithm\Debug\rc.command.1.tlog
E:\VS2010\VS2010Storage\LookupAlgorithm\LookupAlgorithm\Debug\rc.read.1.tlog
E:\VS2010\VS2010Storage\LookupAlgorithm\LookupAlgorithm\Debug\rc.write.1.tlog
E:\VS2010\VS2010Storage\LookupAlgorithm\LookupAlgorithm\Debug\vc100.idb
E:\VS2010\VS2010STORAGE\LOOKUPALGORITHM\LOOKUPALGORITHM\DEBUG\VC100.PDB
