生成启动时间为 2015/9/29 22:40:35。
     1>项目“E:\VS2010Storage\CreateDLL\CreateDLL\CreateDLL.vcxproj”在节点 2 上(rebuild 个目标)。
     1>_PrepareForClean:
         正在删除文件“Debug\CreateDLL.lastbuildstate”。
       InitializeBuildStatus:
         正在创建“Debug\CreateDLL.unsuccessfulbuild”，因为已指定“AlwaysCreate”。
       ClCompile:
         e:\VS2010SetupFile\VC\bin\CL.exe /c /ZI /nologo /W3 /WX- /Od /Oy- /D WIN32 /D _DEBUG /D _WINDOWS /D _USRDLL /D CREATEDLL_EXPORTS /D _WINDLL /D _UNICODE /D UNICODE /Gm /EHsc /RTC1 /MDd /GS /fp:precise /Zc:wchar_t /Zc:forScope /Yc"StdAfx.h" /Fp"Debug\CreateDLL.pch" /Fo"Debug\\" /Fd"Debug\vc100.pdb" /Gd /TP /analyze- /errorReport:prompt stdafx.cpp
         stdafx.cpp
         e:\VS2010SetupFile\VC\bin\CL.exe /c /ZI /nologo /W3 /WX- /Od /Oy- /D WIN32 /D _DEBUG /D _WINDOWS /D _USRDLL /D CREATEDLL_EXPORTS /D _WINDLL /D _UNICODE /D UNICODE /Gm /EHsc /RTC1 /MDd /GS /fp:precise /Zc:wchar_t /Zc:forScope /Yu"StdAfx.h" /Fp"Debug\CreateDLL.pch" /Fo"Debug\\" /Fd"Debug\vc100.pdb" /Gd /TP /analyze- /errorReport:prompt CreateDLL.cpp
         CreateDLL.cpp
         e:\VS2010SetupFile\VC\bin\CL.exe /c /ZI /nologo /W3 /WX- /Od /Oy- /D WIN32 /D _DEBUG /D _WINDOWS /D _USRDLL /D CREATEDLL_EXPORTS /D _WINDLL /D _UNICODE /D UNICODE /Gm /EHsc /RTC1 /MDd /GS /fp:precise /Zc:wchar_t /Zc:forScope /Fo"Debug\\" /Fd"Debug\vc100.pdb" /Gd /TP /analyze- /errorReport:prompt dllmain.cpp
         dllmain.cpp
       ManifestResourceCompile:
         C:\Program Files\Microsoft SDKs\Windows\v7.0A\bin\rc.exe /nologo /fo"Debug\CreateDLL.dll.embed.manifest.res" Debug\CreateDLL_manifest.rc 
       Link:
         e:\VS2010SetupFile\VC\bin\link.exe /ERRORREPORT:PROMPT /OUT:"E:\VS2010Storage\CreateDLL\Debug\CreateDLL.dll" /INCREMENTAL /NOLOGO kernel32.lib user32.lib gdi32.lib winspool.lib comdlg32.lib advapi32.lib shell32.lib ole32.lib oleaut32.lib uuid.lib odbc32.lib odbccp32.lib /MANIFEST /ManifestFile:"Debug\CreateDLL.dll.intermediate.manifest" /MANIFESTUAC:"level='asInvoker' uiAccess='false'" /DEBUG /PDB:"E:\VS2010Storage\CreateDLL\Debug\CreateDLL.pdb" /SUBSYSTEM:WINDOWS /TLBID:1 /DYNAMICBASE /NXCOMPAT /IMPLIB:"E:\VS2010Storage\CreateDLL\Debug\CreateDLL.lib" /MACHINE:X86 /DLL Debug\CreateDLL.dll.embed.manifest.res
         Debug\CreateDLL.obj
         Debug\dllmain.obj
         Debug\stdafx.obj
            正在创建库 E:\VS2010Storage\CreateDLL\Debug\CreateDLL.lib 和对象 E:\VS2010Storage\CreateDLL\Debug\CreateDLL.exp
       Manifest:
         正在删除文件“Debug\CreateDLL.dll.embed.manifest”。
         C:\Program Files\Microsoft SDKs\Windows\v7.0A\bin\mt.exe /nologo /verbose /out:"Debug\CreateDLL.dll.embed.manifest" /manifest Debug\CreateDLL.dll.intermediate.manifest
         C:\Program Files\Microsoft SDKs\Windows\v7.0A\bin\rc.exe /nologo /fo"Debug\CreateDLL.dll.embed.manifest.res" Debug\CreateDLL_manifest.rc 
       LinkEmbedManifest:
         e:\VS2010SetupFile\VC\bin\link.exe /ERRORREPORT:PROMPT /OUT:"E:\VS2010Storage\CreateDLL\Debug\CreateDLL.dll" /INCREMENTAL /NOLOGO kernel32.lib user32.lib gdi32.lib winspool.lib comdlg32.lib advapi32.lib shell32.lib ole32.lib oleaut32.lib uuid.lib odbc32.lib odbccp32.lib /MANIFEST /ManifestFile:"Debug\CreateDLL.dll.intermediate.manifest" /MANIFESTUAC:"level='asInvoker' uiAccess='false'" /DEBUG /PDB:"E:\VS2010Storage\CreateDLL\Debug\CreateDLL.pdb" /SUBSYSTEM:WINDOWS /TLBID:1 /DYNAMICBASE /NXCOMPAT /IMPLIB:"E:\VS2010Storage\CreateDLL\Debug\CreateDLL.lib" /MACHINE:X86 /DLL Debug\CreateDLL.dll.embed.manifest.res
         Debug\CreateDLL.obj
         Debug\dllmain.obj
         Debug\stdafx.obj
            正在创建库 E:\VS2010Storage\CreateDLL\Debug\CreateDLL.lib 和对象 E:\VS2010Storage\CreateDLL\Debug\CreateDLL.exp
         CreateDLL.vcxproj -> E:\VS2010Storage\CreateDLL\Debug\CreateDLL.dll
       FinalizeBuildStatus:
         正在删除文件“Debug\CreateDLL.unsuccessfulbuild”。
         正在对“Debug\CreateDLL.lastbuildstate”执行 Touch 任务。
     1>已完成生成项目“E:\VS2010Storage\CreateDLL\CreateDLL\CreateDLL.vcxproj”(rebuild 个目标)的操作。

生成成功。

已用时间 00:00:05.28
