E:\VS2010Storage\CreateDLL\CreateDLL\Debug\cl.command.1.tlog
E:\VS2010Storage\CreateDLL\CreateDLL\Debug\CL.read.1.tlog
E:\VS2010Storage\CreateDLL\CreateDLL\Debug\CL.write.1.tlog
E:\VS2010STORAGE\CREATEDLL\CREATEDLL\DEBUG\CREATEDLL.DLL.EMBED.MANIFEST
E:\VS2010STORAGE\CREATEDLL\CREATEDLL\DEBUG\CREATEDLL.DLL.EMBED.MANIFEST.RES
E:\VS2010STORAGE\CREATEDLL\CREATEDLL\DEBUG\CREATEDLL.DLL.INTERMEDIATE.MANIFEST
E:\VS2010STORAGE\CREATEDLL\CREATEDLL\DEBUG\CREATEDLL.OBJ
E:\VS2010STORAGE\CREATEDLL\CREATEDLL\DEBUG\CREATEDLL.PCH
E:\VS2010Storage\CreateDLL\CreateDLL\Debug\CreateDLL.write.1.tlog
E:\VS2010Storage\CreateDLL\CreateDLL\Debug\CreateDLL_manifest.rc
E:\VS2010STORAGE\CREATEDLL\CREATEDLL\DEBUG\DLLMAIN.OBJ
E:\VS2010Storage\CreateDLL\CreateDLL\Debug\link.11784.read.1.tlog
E:\VS2010Storage\CreateDLL\CreateDLL\Debug\link.11784.write.1.tlog
E:\VS2010Storage\CreateDLL\CreateDLL\Debug\link.11784-cvtres.read.1.tlog
E:\VS2010Storage\CreateDLL\CreateDLL\Debug\link.11784-cvtres.write.1.tlog
E:\VS2010Storage\CreateDLL\CreateDLL\Debug\link.command.1.tlog
E:\VS2010Storage\CreateDLL\CreateDLL\Debug\link.read.1.tlog
E:\VS2010Storage\CreateDLL\CreateDLL\Debug\link.write.1.tlog
E:\VS2010Storage\CreateDLL\CreateDLL\Debug\link-cvtres.read.1.tlog
E:\VS2010Storage\CreateDLL\CreateDLL\Debug\link-cvtres.write.1.tlog
E:\VS2010Storage\CreateDLL\CreateDLL\Debug\mt.command.1.tlog
E:\VS2010Storage\CreateDLL\CreateDLL\Debug\mt.read.1.tlog
E:\VS2010Storage\CreateDLL\CreateDLL\Debug\mt.write.1.tlog
E:\VS2010Storage\CreateDLL\CreateDLL\Debug\rc.command.1.tlog
E:\VS2010Storage\CreateDLL\CreateDLL\Debug\rc.read.1.tlog
E:\VS2010Storage\CreateDLL\CreateDLL\Debug\rc.write.1.tlog
E:\VS2010STORAGE\CREATEDLL\CREATEDLL\DEBUG\STDAFX.OBJ
E:\VS2010Storage\CreateDLL\CreateDLL\Debug\vc100.idb
E:\VS2010STORAGE\CREATEDLL\CREATEDLL\DEBUG\VC100.PDB
E:\VS2010STORAGE\CREATEDLL\DEBUG\CREATEDLL.DLL
E:\VS2010Storage\CreateDLL\Debug\CreateDLL.exp
E:\VS2010STORAGE\CREATEDLL\DEBUG\CREATEDLL.ILK
E:\VS2010Storage\CreateDLL\Debug\CreateDLL.lib
E:\VS2010STORAGE\CREATEDLL\DEBUG\CREATEDLL.PDB
