生成启动时间为 2015/10/30 21:28:38。
     1>项目“E:\VS2010Storage\Linklist\Linklist\Linklist.vcxproj”在节点 2 上(build 个目标)。
     1>InitializeBuildStatus:
         正在创建“Debug\Linklist.unsuccessfulbuild”，因为已指定“AlwaysCreate”。
       ClCompile:
         e:\VS2010SetupFile\VC\bin\CL.exe /c /ZI /nologo /W3 /WX- /Od /Oy- /D WIN32 /D _DEBUG /D _CONSOLE /D _UNICODE /D UNICODE /Gm /EHsc /RTC1 /MDd /GS /fp:precise /Zc:wchar_t /Zc:forScope /Fo"Debug\\" /Fd"Debug\vc100.pdb" /Gd /TC /analyze- /errorReport:prompt Linklist.c
         Linklist.c
     1>e:\vs2010storage\linklist\linklist\linklist.c(65): warning C4996: 'scanf': This function or variable may be unsafe. Consider using scanf_s instead. To disable deprecation, use _CRT_SECURE_NO_WARNINGS. See online help for details.
                 e:\vs2010setupfile\vc\include\stdio.h(304) : 参见“scanf”的声明
       ManifestResourceCompile:
         所有输出均为最新。
       Link:
         e:\VS2010SetupFile\VC\bin\link.exe /ERRORREPORT:PROMPT /OUT:"E:\VS2010Storage\Linklist\Debug\Linklist.exe" /INCREMENTAL /NOLOGO kernel32.lib user32.lib gdi32.lib winspool.lib comdlg32.lib advapi32.lib shell32.lib ole32.lib oleaut32.lib uuid.lib odbc32.lib odbccp32.lib /MANIFEST /ManifestFile:"Debug\Linklist.exe.intermediate.manifest" /MANIFESTUAC:"level='asInvoker' uiAccess='false'" /DEBUG /PDB:"E:\VS2010Storage\Linklist\Debug\Linklist.pdb" /SUBSYSTEM:CONSOLE /TLBID:1 /DYNAMICBASE /NXCOMPAT /IMPLIB:"E:\VS2010Storage\Linklist\Debug\Linklist.lib" /MACHINE:X86 Debug\Linklist.exe.embed.manifest.res
         Debug\CountNodeNum.obj
         Debug\CreateLinklist.obj
         Debug\DeleteLoc.obj
         Debug\DeleteNode.obj
         Debug\InsertLoc.obj
         Debug\IsCross.obj
         Debug\IsLoop.obj
         Debug\Linklist.obj
         Debug\ResverLinklist.obj
         Debug\SortLinklist.obj
       Manifest:
         C:\Program Files (x86)\Microsoft SDKs\Windows\v7.0A\bin\mt.exe /nologo /verbose /out:"Debug\Linklist.exe.embed.manifest" /manifest Debug\Linklist.exe.intermediate.manifest
         所有输出均为最新。
       LinkEmbedManifest:
         所有输出均为最新。
         Linklist.vcxproj -> E:\VS2010Storage\Linklist\Debug\Linklist.exe
       FinalizeBuildStatus:
         正在删除文件“Debug\Linklist.unsuccessfulbuild”。
         正在对“Debug\Linklist.lastbuildstate”执行 Touch 任务。
     1>已完成生成项目“E:\VS2010Storage\Linklist\Linklist\Linklist.vcxproj”(build 个目标)的操作。

生成成功。

已用时间 00:00:01.54
