E:\VS2010STORAGE\LINKLIST\DEBUG\LINKLIST.EXE
E:\VS2010STORAGE\LINKLIST\DEBUG\LINKLIST.ILK
E:\VS2010STORAGE\LINKLIST\DEBUG\LINKLIST.PDB
E:\VS2010Storage\Linklist\Linklist\Debug\cl.command.1.tlog
E:\VS2010Storage\Linklist\Linklist\Debug\CL.read.1.tlog
E:\VS2010Storage\Linklist\Linklist\Debug\CL.write.1.tlog
E:\VS2010Storage\Linklist\Linklist\Debug\link.7000.read.1.tlog
E:\VS2010Storage\Linklist\Linklist\Debug\link.7000.write.1.tlog
E:\VS2010Storage\Linklist\Linklist\Debug\link.7000-cvtres.read.1.tlog
E:\VS2010Storage\Linklist\Linklist\Debug\link.7000-cvtres.write.1.tlog
E:\VS2010Storage\Linklist\Linklist\Debug\link.command.1.tlog
E:\VS2010Storage\Linklist\Linklist\Debug\link.read.1.tlog
E:\VS2010Storage\Linklist\Linklist\Debug\link.write.1.tlog
E:\VS2010Storage\Linklist\Linklist\Debug\link-cvtres.read.1.tlog
E:\VS2010Storage\Linklist\Linklist\Debug\link-cvtres.write.1.tlog
E:\VS2010STORAGE\LINKLIST\LINKLIST\DEBUG\LINKLIST.EXE.EMBED.MANIFEST
E:\VS2010STORAGE\LINKLIST\LINKLIST\DEBUG\LINKLIST.EXE.EMBED.MANIFEST.RES
E:\VS2010STORAGE\LINKLIST\LINKLIST\DEBUG\LINKLIST.EXE.INTERMEDIATE.MANIFEST
E:\VS2010STORAGE\LINKLIST\LINKLIST\DEBUG\LINKLIST.OBJ
E:\VS2010Storage\Linklist\Linklist\Debug\Linklist_manifest.rc
E:\VS2010Storage\Linklist\Linklist\Debug\mt.command.1.tlog
E:\VS2010Storage\Linklist\Linklist\Debug\mt.read.1.tlog
E:\VS2010Storage\Linklist\Linklist\Debug\mt.write.1.tlog
E:\VS2010Storage\Linklist\Linklist\Debug\rc.command.1.tlog
E:\VS2010Storage\Linklist\Linklist\Debug\rc.read.1.tlog
E:\VS2010Storage\Linklist\Linklist\Debug\rc.write.1.tlog
E:\VS2010Storage\Linklist\Linklist\Debug\vc100.idb
E:\VS2010STORAGE\LINKLIST\LINKLIST\DEBUG\VC100.PDB
