E:\VS2010STORAGE\MAXLENGTHCOMMONSUBSTRING\DEBUG\MAXLENGTHCOMMONSUBSTRING.EXE
E:\VS2010STORAGE\MAXLENGTHCOMMONSUBSTRING\DEBUG\MAXLENGTHCOMMONSUBSTRING.ILK
E:\VS2010STORAGE\MAXLENGTHCOMMONSUBSTRING\DEBUG\MAXLENGTHCOMMONSUBSTRING.PDB
E:\VS2010Storage\MaxLengthCommonSubString\MaxLengthCommonSubString\Debug\cl.command.1.tlog
E:\VS2010Storage\MaxLengthCommonSubString\MaxLengthCommonSubString\Debug\CL.read.1.tlog
E:\VS2010Storage\MaxLengthCommonSubString\MaxLengthCommonSubString\Debug\CL.write.1.tlog
E:\VS2010Storage\MaxLengthCommonSubString\MaxLengthCommonSubString\Debug\link.8560.read.1.tlog
E:\VS2010Storage\MaxLengthCommonSubString\MaxLengthCommonSubString\Debug\link.8560.write.1.tlog
E:\VS2010Storage\MaxLengthCommonSubString\MaxLengthCommonSubString\Debug\link.8560-cvtres.read.1.tlog
E:\VS2010Storage\MaxLengthCommonSubString\MaxLengthCommonSubString\Debug\link.8560-cvtres.write.1.tlog
E:\VS2010Storage\MaxLengthCommonSubString\MaxLengthCommonSubString\Debug\link.9884.read.1.tlog
E:\VS2010Storage\MaxLengthCommonSubString\MaxLengthCommonSubString\Debug\link.9884.write.1.tlog
E:\VS2010Storage\MaxLengthCommonSubString\MaxLengthCommonSubString\Debug\link.9884-cvtres.read.1.tlog
E:\VS2010Storage\MaxLengthCommonSubString\MaxLengthCommonSubString\Debug\link.9884-cvtres.write.1.tlog
E:\VS2010Storage\MaxLengthCommonSubString\MaxLengthCommonSubString\Debug\link.command.1.tlog
E:\VS2010Storage\MaxLengthCommonSubString\MaxLengthCommonSubString\Debug\link.read.1.tlog
E:\VS2010Storage\MaxLengthCommonSubString\MaxLengthCommonSubString\Debug\link.write.1.tlog
E:\VS2010Storage\MaxLengthCommonSubString\MaxLengthCommonSubString\Debug\link-cvtres.read.1.tlog
E:\VS2010Storage\MaxLengthCommonSubString\MaxLengthCommonSubString\Debug\link-cvtres.write.1.tlog
E:\VS2010STORAGE\MAXLENGTHCOMMONSUBSTRING\MAXLENGTHCOMMONSUBSTRING\DEBUG\LONGESTCOMMONSUBSQUEUECE.OBJ
E:\VS2010STORAGE\MAXLENGTHCOMMONSUBSTRING\MAXLENGTHCOMMONSUBSTRING\DEBUG\MAXLENGTHCOMMONSUBSTRING.EXE.EMBED.MANIFEST
E:\VS2010STORAGE\MAXLENGTHCOMMONSUBSTRING\MAXLENGTHCOMMONSUBSTRING\DEBUG\MAXLENGTHCOMMONSUBSTRING.EXE.EMBED.MANIFEST.RES
E:\VS2010STORAGE\MAXLENGTHCOMMONSUBSTRING\MAXLENGTHCOMMONSUBSTRING\DEBUG\MAXLENGTHCOMMONSUBSTRING.EXE.INTERMEDIATE.MANIFEST
E:\VS2010Storage\MaxLengthCommonSubString\MaxLengthCommonSubString\Debug\MaxLengthCommonSubString_manifest.rc
E:\VS2010Storage\MaxLengthCommonSubString\MaxLengthCommonSubString\Debug\mt.command.1.tlog
E:\VS2010Storage\MaxLengthCommonSubString\MaxLengthCommonSubString\Debug\mt.read.1.tlog
E:\VS2010Storage\MaxLengthCommonSubString\MaxLengthCommonSubString\Debug\mt.write.1.tlog
E:\VS2010Storage\MaxLengthCommonSubString\MaxLengthCommonSubString\Debug\rc.command.1.tlog
E:\VS2010Storage\MaxLengthCommonSubString\MaxLengthCommonSubString\Debug\rc.read.1.tlog
E:\VS2010Storage\MaxLengthCommonSubString\MaxLengthCommonSubString\Debug\rc.write.1.tlog
E:\VS2010Storage\MaxLengthCommonSubString\MaxLengthCommonSubString\Debug\vc100.idb
E:\VS2010STORAGE\MAXLENGTHCOMMONSUBSTRING\MAXLENGTHCOMMONSUBSTRING\DEBUG\VC100.PDB
