生成启动时间为 2016/11/19 22:17:37。
     1>项目“E:\VS2010\VS2010Storage\BitOperation\BitOperation\BitOperation.vcxproj”在节点 2 上(rebuild 个目标)。
     1>_PrepareForClean:
         正在删除文件“Debug\BitOperation.lastbuildstate”。
       InitializeBuildStatus:
         正在对“Debug\BitOperation.unsuccessfulbuild”执行 Touch 任务。
       ClCompile:
         C:\Program Files (x86)\Microsoft Visual Studio 10.0\VC\bin\CL.exe /c /ZI /nologo /W3 /WX- /Od /Oy- /D WIN32 /D _DEBUG /D _CONSOLE /D _UNICODE /D UNICODE /Gm /EHsc /RTC1 /MDd /GS /fp:precise /Zc:wchar_t /Zc:forScope /Fo"Debug\\" /Fd"Debug\vc100.pdb" /Gd /TP /analyze- /errorReport:prompt bit.cpp CBitOperation.cpp
         CBitOperation.cpp
         bit.cpp
         正在生成代码...
       ManifestResourceCompile:
         C:\Program Files (x86)\Microsoft SDKs\Windows\v7.0A\bin\rc.exe /nologo /fo"Debug\BitOperation.exe.embed.manifest.res" Debug\BitOperation_manifest.rc 
       Link:
         C:\Program Files (x86)\Microsoft Visual Studio 10.0\VC\bin\link.exe /ERRORREPORT:PROMPT /OUT:"E:\VS2010\VS2010Storage\BitOperation\Debug\BitOperation.exe" /INCREMENTAL /NOLOGO kernel32.lib user32.lib gdi32.lib winspool.lib comdlg32.lib advapi32.lib shell32.lib ole32.lib oleaut32.lib uuid.lib odbc32.lib odbccp32.lib /MANIFEST /ManifestFile:"Debug\BitOperation.exe.intermediate.manifest" /MANIFESTUAC:"level='asInvoker' uiAccess='false'" /DEBUG /PDB:"E:\VS2010\VS2010Storage\BitOperation\Debug\BitOperation.pdb" /SUBSYSTEM:CONSOLE /TLBID:1 /DYNAMICBASE /NXCOMPAT /IMPLIB:"E:\VS2010\VS2010Storage\BitOperation\Debug\BitOperation.lib" /MACHINE:X86 Debug\BitOperation.exe.embed.manifest.res
         Debug\bit.obj
         Debug\CBitOperation.obj
       Manifest:
         正在删除文件“Debug\BitOperation.exe.embed.manifest”。
         C:\Program Files (x86)\Microsoft SDKs\Windows\v7.0A\bin\mt.exe /nologo /verbose /out:"Debug\BitOperation.exe.embed.manifest" /manifest Debug\BitOperation.exe.intermediate.manifest
         C:\Program Files (x86)\Microsoft SDKs\Windows\v7.0A\bin\rc.exe /nologo /fo"Debug\BitOperation.exe.embed.manifest.res" Debug\BitOperation_manifest.rc 
       LinkEmbedManifest:
         C:\Program Files (x86)\Microsoft Visual Studio 10.0\VC\bin\link.exe /ERRORREPORT:PROMPT /OUT:"E:\VS2010\VS2010Storage\BitOperation\Debug\BitOperation.exe" /INCREMENTAL /NOLOGO kernel32.lib user32.lib gdi32.lib winspool.lib comdlg32.lib advapi32.lib shell32.lib ole32.lib oleaut32.lib uuid.lib odbc32.lib odbccp32.lib /MANIFEST /ManifestFile:"Debug\BitOperation.exe.intermediate.manifest" /MANIFESTUAC:"level='asInvoker' uiAccess='false'" /DEBUG /PDB:"E:\VS2010\VS2010Storage\BitOperation\Debug\BitOperation.pdb" /SUBSYSTEM:CONSOLE /TLBID:1 /DYNAMICBASE /NXCOMPAT /IMPLIB:"E:\VS2010\VS2010Storage\BitOperation\Debug\BitOperation.lib" /MACHINE:X86 Debug\BitOperation.exe.embed.manifest.res
         Debug\bit.obj
         Debug\CBitOperation.obj
         BitOperation.vcxproj -> E:\VS2010\VS2010Storage\BitOperation\Debug\BitOperation.exe
       FinalizeBuildStatus:
         正在删除文件“Debug\BitOperation.unsuccessfulbuild”。
         正在对“Debug\BitOperation.lastbuildstate”执行 Touch 任务。
     1>已完成生成项目“E:\VS2010\VS2010Storage\BitOperation\BitOperation\BitOperation.vcxproj”(rebuild 个目标)的操作。

生成成功。

已用时间 00:00:02.81
