E:\VS2010STORAGE\SIZEOFUSING\DEBUG\SIZEOFUSING.EXE
E:\VS2010STORAGE\SIZEOFUSING\DEBUG\SIZEOFUSING.ILK
E:\VS2010STORAGE\SIZEOFUSING\DEBUG\SIZEOFUSING.PDB
E:\VS2010Storage\SizeofUsing\SizeofUsing\Debug\cl.command.1.tlog
E:\VS2010Storage\SizeofUsing\SizeofUsing\Debug\CL.read.1.tlog
E:\VS2010Storage\SizeofUsing\SizeofUsing\Debug\CL.write.1.tlog
E:\VS2010Storage\SizeofUsing\SizeofUsing\Debug\link.10612.read.1.tlog
E:\VS2010Storage\SizeofUsing\SizeofUsing\Debug\link.10612.write.1.tlog
E:\VS2010Storage\SizeofUsing\SizeofUsing\Debug\link.10612-cvtres.read.1.tlog
E:\VS2010Storage\SizeofUsing\SizeofUsing\Debug\link.10612-cvtres.write.1.tlog
E:\VS2010Storage\SizeofUsing\SizeofUsing\Debug\link.14744.read.1.tlog
E:\VS2010Storage\SizeofUsing\SizeofUsing\Debug\link.14744.write.1.tlog
E:\VS2010Storage\SizeofUsing\SizeofUsing\Debug\link.14744-cvtres.read.1.tlog
E:\VS2010Storage\SizeofUsing\SizeofUsing\Debug\link.14744-cvtres.write.1.tlog
E:\VS2010Storage\SizeofUsing\SizeofUsing\Debug\link.14804.read.1.tlog
E:\VS2010Storage\SizeofUsing\SizeofUsing\Debug\link.14804.write.1.tlog
E:\VS2010Storage\SizeofUsing\SizeofUsing\Debug\link.14804-cvtres.read.1.tlog
E:\VS2010Storage\SizeofUsing\SizeofUsing\Debug\link.14804-cvtres.write.1.tlog
E:\VS2010Storage\SizeofUsing\SizeofUsing\Debug\link.16952.read.1.tlog
E:\VS2010Storage\SizeofUsing\SizeofUsing\Debug\link.16952.write.1.tlog
E:\VS2010Storage\SizeofUsing\SizeofUsing\Debug\link.16952-cvtres.read.1.tlog
E:\VS2010Storage\SizeofUsing\SizeofUsing\Debug\link.16952-cvtres.write.1.tlog
E:\VS2010Storage\SizeofUsing\SizeofUsing\Debug\link.17560.read.1.tlog
E:\VS2010Storage\SizeofUsing\SizeofUsing\Debug\link.17560.write.1.tlog
E:\VS2010Storage\SizeofUsing\SizeofUsing\Debug\link.17560-cvtres.read.1.tlog
E:\VS2010Storage\SizeofUsing\SizeofUsing\Debug\link.17560-cvtres.write.1.tlog
E:\VS2010Storage\SizeofUsing\SizeofUsing\Debug\link.18000.read.1.tlog
E:\VS2010Storage\SizeofUsing\SizeofUsing\Debug\link.18000.write.1.tlog
E:\VS2010Storage\SizeofUsing\SizeofUsing\Debug\link.18000-cvtres.read.1.tlog
E:\VS2010Storage\SizeofUsing\SizeofUsing\Debug\link.18000-cvtres.write.1.tlog
E:\VS2010Storage\SizeofUsing\SizeofUsing\Debug\link.19616.read.1.tlog
E:\VS2010Storage\SizeofUsing\SizeofUsing\Debug\link.19616.write.1.tlog
E:\VS2010Storage\SizeofUsing\SizeofUsing\Debug\link.19616-cvtres.read.1.tlog
E:\VS2010Storage\SizeofUsing\SizeofUsing\Debug\link.19616-cvtres.write.1.tlog
E:\VS2010Storage\SizeofUsing\SizeofUsing\Debug\link.3008.read.1.tlog
E:\VS2010Storage\SizeofUsing\SizeofUsing\Debug\link.3008.write.1.tlog
E:\VS2010Storage\SizeofUsing\SizeofUsing\Debug\link.3008-cvtres.read.1.tlog
E:\VS2010Storage\SizeofUsing\SizeofUsing\Debug\link.3008-cvtres.write.1.tlog
E:\VS2010Storage\SizeofUsing\SizeofUsing\Debug\link.4836.read.1.tlog
E:\VS2010Storage\SizeofUsing\SizeofUsing\Debug\link.4836.write.1.tlog
E:\VS2010Storage\SizeofUsing\SizeofUsing\Debug\link.4836-cvtres.read.1.tlog
E:\VS2010Storage\SizeofUsing\SizeofUsing\Debug\link.4836-cvtres.write.1.tlog
E:\VS2010Storage\SizeofUsing\SizeofUsing\Debug\link.6312.read.1.tlog
E:\VS2010Storage\SizeofUsing\SizeofUsing\Debug\link.6312.write.1.tlog
E:\VS2010Storage\SizeofUsing\SizeofUsing\Debug\link.6312-cvtres.read.1.tlog
E:\VS2010Storage\SizeofUsing\SizeofUsing\Debug\link.6312-cvtres.write.1.tlog
E:\VS2010Storage\SizeofUsing\SizeofUsing\Debug\link.6740.read.1.tlog
E:\VS2010Storage\SizeofUsing\SizeofUsing\Debug\link.6740.write.1.tlog
E:\VS2010Storage\SizeofUsing\SizeofUsing\Debug\link.6740-cvtres.read.1.tlog
E:\VS2010Storage\SizeofUsing\SizeofUsing\Debug\link.6740-cvtres.write.1.tlog
E:\VS2010Storage\SizeofUsing\SizeofUsing\Debug\link.6864.read.1.tlog
E:\VS2010Storage\SizeofUsing\SizeofUsing\Debug\link.6864.write.1.tlog
E:\VS2010Storage\SizeofUsing\SizeofUsing\Debug\link.6864-cvtres.read.1.tlog
E:\VS2010Storage\SizeofUsing\SizeofUsing\Debug\link.6864-cvtres.write.1.tlog
E:\VS2010Storage\SizeofUsing\SizeofUsing\Debug\link.7044.read.1.tlog
E:\VS2010Storage\SizeofUsing\SizeofUsing\Debug\link.7044.write.1.tlog
E:\VS2010Storage\SizeofUsing\SizeofUsing\Debug\link.7044-cvtres.read.1.tlog
E:\VS2010Storage\SizeofUsing\SizeofUsing\Debug\link.7044-cvtres.write.1.tlog
E:\VS2010Storage\SizeofUsing\SizeofUsing\Debug\link.8084.read.1.tlog
E:\VS2010Storage\SizeofUsing\SizeofUsing\Debug\link.8084.write.1.tlog
E:\VS2010Storage\SizeofUsing\SizeofUsing\Debug\link.8084-cvtres.read.1.tlog
E:\VS2010Storage\SizeofUsing\SizeofUsing\Debug\link.8084-cvtres.write.1.tlog
E:\VS2010Storage\SizeofUsing\SizeofUsing\Debug\link.8248.read.1.tlog
E:\VS2010Storage\SizeofUsing\SizeofUsing\Debug\link.8248.write.1.tlog
E:\VS2010Storage\SizeofUsing\SizeofUsing\Debug\link.8248-cvtres.read.1.tlog
E:\VS2010Storage\SizeofUsing\SizeofUsing\Debug\link.8248-cvtres.write.1.tlog
E:\VS2010Storage\SizeofUsing\SizeofUsing\Debug\link.8348.read.1.tlog
E:\VS2010Storage\SizeofUsing\SizeofUsing\Debug\link.8348.write.1.tlog
E:\VS2010Storage\SizeofUsing\SizeofUsing\Debug\link.8348-cvtres.read.1.tlog
E:\VS2010Storage\SizeofUsing\SizeofUsing\Debug\link.8348-cvtres.write.1.tlog
E:\VS2010Storage\SizeofUsing\SizeofUsing\Debug\link.9136.read.1.tlog
E:\VS2010Storage\SizeofUsing\SizeofUsing\Debug\link.9136.write.1.tlog
E:\VS2010Storage\SizeofUsing\SizeofUsing\Debug\link.9136-cvtres.read.1.tlog
E:\VS2010Storage\SizeofUsing\SizeofUsing\Debug\link.9136-cvtres.write.1.tlog
E:\VS2010Storage\SizeofUsing\SizeofUsing\Debug\link.9600.read.1.tlog
E:\VS2010Storage\SizeofUsing\SizeofUsing\Debug\link.9600.write.1.tlog
E:\VS2010Storage\SizeofUsing\SizeofUsing\Debug\link.9600-cvtres.read.1.tlog
E:\VS2010Storage\SizeofUsing\SizeofUsing\Debug\link.9600-cvtres.write.1.tlog
E:\VS2010Storage\SizeofUsing\SizeofUsing\Debug\link.command.1.tlog
E:\VS2010Storage\SizeofUsing\SizeofUsing\Debug\link.read.1.tlog
E:\VS2010Storage\SizeofUsing\SizeofUsing\Debug\link.write.1.tlog
E:\VS2010Storage\SizeofUsing\SizeofUsing\Debug\link-cvtres.read.1.tlog
E:\VS2010Storage\SizeofUsing\SizeofUsing\Debug\link-cvtres.write.1.tlog
E:\VS2010STORAGE\SIZEOFUSING\SIZEOFUSING\DEBUG\MAIN.OBJ
E:\VS2010STORAGE\SIZEOFUSING\SIZEOFUSING\DEBUG\MAIN22222.OBJ
E:\VS2010STORAGE\SIZEOFUSING\SIZEOFUSING\DEBUG\MAINCLASS.OBJ
E:\VS2010STORAGE\SIZEOFUSING\SIZEOFUSING\DEBUG\MAINCLASS2.OBJ
E:\VS2010STORAGE\SIZEOFUSING\SIZEOFUSING\DEBUG\MAINENUM.OBJ
E:\VS2010STORAGE\SIZEOFUSING\SIZEOFUSING\DEBUG\MAINJICHENG.OBJ
E:\VS2010STORAGE\SIZEOFUSING\SIZEOFUSING\DEBUG\MAINSTRUCT.OBJ
E:\VS2010STORAGE\SIZEOFUSING\SIZEOFUSING\DEBUG\MAINUNION.OBJ
E:\VS2010Storage\SizeofUsing\SizeofUsing\Debug\mt.command.1.tlog
E:\VS2010Storage\SizeofUsing\SizeofUsing\Debug\mt.read.1.tlog
E:\VS2010Storage\SizeofUsing\SizeofUsing\Debug\mt.write.1.tlog
E:\VS2010Storage\SizeofUsing\SizeofUsing\Debug\rc.command.1.tlog
E:\VS2010Storage\SizeofUsing\SizeofUsing\Debug\rc.read.1.tlog
E:\VS2010Storage\SizeofUsing\SizeofUsing\Debug\rc.write.1.tlog
E:\VS2010STORAGE\SIZEOFUSING\SIZEOFUSING\DEBUG\SIZEOFUSING.EXE.EMBED.MANIFEST
E:\VS2010STORAGE\SIZEOFUSING\SIZEOFUSING\DEBUG\SIZEOFUSING.EXE.EMBED.MANIFEST.RES
E:\VS2010STORAGE\SIZEOFUSING\SIZEOFUSING\DEBUG\SIZEOFUSING.EXE.INTERMEDIATE.MANIFEST
E:\VS2010Storage\SizeofUsing\SizeofUsing\Debug\SizeofUsing_manifest.rc
E:\VS2010Storage\SizeofUsing\SizeofUsing\Debug\vc100.idb
E:\VS2010STORAGE\SIZEOFUSING\SIZEOFUSING\DEBUG\VC100.PDB
