生成启动时间为 2016/4/29 19:11:36。
     1>项目“F:\VS2010Storage\BaiduZhidaoMFC\sql\sql\sql.vcxproj”在节点 2 上(build 个目标)。
     1>InitializeBuildStatus:
         正在创建“Debug\sql.unsuccessfulbuild”，因为已指定“AlwaysCreate”。
       ClCompile:
         d:\VS2010SetupFile\VC\bin\CL.exe /c /ZI /nologo /W3 /WX- /Od /Oy- /D WIN32 /D _DEBUG /D _CONSOLE /Gm /EHsc /RTC1 /MDd /GS /fp:precise /Zc:wchar_t /Zc:forScope /Fo"Debug\\" /Fd"Debug\vc100.pdb" /Gd /TC /analyze- /errorReport:prompt sql.c
         sql.c
     1>f:\vs2010storage\baiduzhidaomfc\sql\sql\sql.c(21): warning C4101: “p”: 未引用的局部变量
     1>f:\vs2010storage\baiduzhidaomfc\sql\sql\sql.c(47): warning C4101: “ID”: 未引用的局部变量
       ManifestResourceCompile:
         所有输出均为最新。
       Link:
         d:\VS2010SetupFile\VC\bin\link.exe /ERRORREPORT:PROMPT /OUT:"F:\VS2010Storage\BaiduZhidaoMFC\sql\Debug\sql.exe" /INCREMENTAL /NOLOGO kernel32.lib user32.lib gdi32.lib winspool.lib comdlg32.lib advapi32.lib shell32.lib ole32.lib oleaut32.lib uuid.lib odbc32.lib odbccp32.lib /MANIFEST /ManifestFile:"Debug\sql.exe.intermediate.manifest" /MANIFESTUAC:"level='asInvoker' uiAccess='false'" /DEBUG /PDB:"F:\VS2010Storage\BaiduZhidaoMFC\sql\Debug\sql.pdb" /SUBSYSTEM:CONSOLE /TLBID:1 /DYNAMICBASE /NXCOMPAT /IMPLIB:"F:\VS2010Storage\BaiduZhidaoMFC\sql\Debug\sql.lib" /MACHINE:X86 Debug\sql.exe.embed.manifest.res
         Debug\sql.obj
       Manifest:
         C:\Program Files (x86)\Microsoft SDKs\Windows\v7.0A\bin\mt.exe /nologo /verbose /out:"Debug\sql.exe.embed.manifest" /manifest Debug\sql.exe.intermediate.manifest
         所有输出均为最新。
       LinkEmbedManifest:
         所有输出均为最新。
         sql.vcxproj -> F:\VS2010Storage\BaiduZhidaoMFC\sql\Debug\sql.exe
       FinalizeBuildStatus:
         正在删除文件“Debug\sql.unsuccessfulbuild”。
         正在对“Debug\sql.lastbuildstate”执行 Touch 任务。
     1>已完成生成项目“F:\VS2010Storage\BaiduZhidaoMFC\sql\sql\sql.vcxproj”(build 个目标)的操作。

生成成功。

已用时间 00:00:03.14
