生成启动时间为 2016/12/27 21:29:04。
     1>项目“E:\VS2010\VS2010Storage\BaiduZhidaoC++\BaiduZhidaoC++\BaiduZhidaoC++.vcxproj”在节点 2 上(build 个目标)。
     1>PrepareForBuild:
         正在创建目录“E:\VS2010\VS2010Storage\BaiduZhidaoC++\x64\Debug\”。
       InitializeBuildStatus:
         正在创建“x64\Debug\BaiduZhidaoC++.unsuccessfulbuild”，因为已指定“AlwaysCreate”。
       ClCompile:
         C:\Program Files (x86)\Microsoft Visual Studio 10.0\VC\bin\x86_amd64\CL.exe /c /Zi /nologo /W3 /WX- /Od /D WIN32 /D _DEBUG /D _CONSOLE /D _UNICODE /D UNICODE /Gm /EHsc /RTC1 /MDd /GS /fp:precise /Zc:wchar_t /Zc:forScope /Fo"x64\Debug\\" /Fd"x64\Debug\vc100.pdb" /Gd /TP /errorReport:prompt JiCheng.cpp
         JiCheng.cpp
     1>JiCheng.cpp(408): warning C4305: “初始化”: 从“int”到“unsigned short”截断
     1>JiCheng.cpp(408): warning C4309: “初始化”: 截断常量值
       ManifestResourceCompile:
         C:\Program Files (x86)\Microsoft SDKs\Windows\v7.0A\bin\rc.exe /nologo /fo"x64\Debug\BaiduZhidaoC++.exe.embed.manifest.res" x64\Debug\BaiduZhidaoC++_manifest.rc 
       Link:
         C:\Program Files (x86)\Microsoft Visual Studio 10.0\VC\bin\x86_amd64\link.exe /ERRORREPORT:PROMPT /OUT:"E:\VS2010\VS2010Storage\BaiduZhidaoC++\x64\Debug\BaiduZhidaoC++.exe" /INCREMENTAL /NOLOGO kernel32.lib user32.lib gdi32.lib winspool.lib comdlg32.lib advapi32.lib shell32.lib ole32.lib oleaut32.lib uuid.lib odbc32.lib odbccp32.lib /MANIFEST /ManifestFile:"x64\Debug\BaiduZhidaoC++.exe.intermediate.manifest" /MANIFESTUAC:"level='asInvoker' uiAccess='false'" /DEBUG /PDB:"E:\VS2010\VS2010Storage\BaiduZhidaoC++\x64\Debug\BaiduZhidaoC++.pdb" /SUBSYSTEM:CONSOLE /TLBID:1 /DYNAMICBASE /NXCOMPAT /IMPLIB:"E:\VS2010\VS2010Storage\BaiduZhidaoC++\x64\Debug\BaiduZhidaoC++.lib" /MACHINE:X64 x64\Debug\BaiduZhidaoC++.exe.embed.manifest.res
         x64\Debug\JiCheng.obj
         BaiduZhidaoC++.vcxproj -> E:\VS2010\VS2010Storage\BaiduZhidaoC++\x64\Debug\BaiduZhidaoC++.exe
       Manifest:
         C:\Program Files (x86)\Microsoft SDKs\Windows\v7.0A\bin\mt.exe /nologo /verbose /out:"x64\Debug\BaiduZhidaoC++.exe.embed.manifest" /manifest x64\Debug\BaiduZhidaoC++.exe.intermediate.manifest
         C:\Program Files (x86)\Microsoft SDKs\Windows\v7.0A\bin\rc.exe /nologo /fo"x64\Debug\BaiduZhidaoC++.exe.embed.manifest.res" x64\Debug\BaiduZhidaoC++_manifest.rc 
       LinkEmbedManifest:
         C:\Program Files (x86)\Microsoft Visual Studio 10.0\VC\bin\x86_amd64\link.exe /ERRORREPORT:PROMPT /OUT:"E:\VS2010\VS2010Storage\BaiduZhidaoC++\x64\Debug\BaiduZhidaoC++.exe" /INCREMENTAL /NOLOGO kernel32.lib user32.lib gdi32.lib winspool.lib comdlg32.lib advapi32.lib shell32.lib ole32.lib oleaut32.lib uuid.lib odbc32.lib odbccp32.lib /MANIFEST /ManifestFile:"x64\Debug\BaiduZhidaoC++.exe.intermediate.manifest" /MANIFESTUAC:"level='asInvoker' uiAccess='false'" /DEBUG /PDB:"E:\VS2010\VS2010Storage\BaiduZhidaoC++\x64\Debug\BaiduZhidaoC++.pdb" /SUBSYSTEM:CONSOLE /TLBID:1 /DYNAMICBASE /NXCOMPAT /IMPLIB:"E:\VS2010\VS2010Storage\BaiduZhidaoC++\x64\Debug\BaiduZhidaoC++.lib" /MACHINE:X64 x64\Debug\BaiduZhidaoC++.exe.embed.manifest.res
         x64\Debug\JiCheng.obj
         BaiduZhidaoC++.vcxproj -> E:\VS2010\VS2010Storage\BaiduZhidaoC++\x64\Debug\BaiduZhidaoC++.exe
       FinalizeBuildStatus:
         正在删除文件“x64\Debug\BaiduZhidaoC++.unsuccessfulbuild”。
         正在对“x64\Debug\BaiduZhidaoC++.lastbuildstate”执行 Touch 任务。
     1>已完成生成项目“E:\VS2010\VS2010Storage\BaiduZhidaoC++\BaiduZhidaoC++\BaiduZhidaoC++.vcxproj”(build 个目标)的操作。

生成成功。

已用时间 00:00:03.81
