E:\VS2010STORAGE\BAIDUZHIDAO\BAIDUZHIDAO\DEBUG\BAIDUZHIDAO.EXE.EMBED.MANIFEST
E:\VS2010STORAGE\BAIDUZHIDAO\BAIDUZHIDAO\DEBUG\BAIDUZHIDAO.EXE.EMBED.MANIFEST.RES
E:\VS2010STORAGE\BAIDUZHIDAO\BAIDUZHIDAO\DEBUG\BAIDUZHIDAO.EXE.INTERMEDIATE.MANIFEST
E:\VS2010STORAGE\BAIDUZHIDAO\BAIDUZHIDAO\DEBUG\BAIDUZHIDAO.OBJ
E:\VS2010Storage\BaiduZhidao\BaiduZhidao\Debug\BaiduZhidao_manifest.rc
E:\VS2010Storage\BaiduZhidao\BaiduZhidao\Debug\cl.command.1.tlog
E:\VS2010Storage\BaiduZhidao\BaiduZhidao\Debug\CL.read.1.tlog
E:\VS2010Storage\BaiduZhidao\BaiduZhidao\Debug\CL.write.1.tlog
E:\VS2010Storage\BaiduZhidao\BaiduZhidao\Debug\link.4696.read.1.tlog
E:\VS2010Storage\BaiduZhidao\BaiduZhidao\Debug\link.4696.write.1.tlog
E:\VS2010Storage\BaiduZhidao\BaiduZhidao\Debug\link.4696-cvtres.read.1.tlog
E:\VS2010Storage\BaiduZhidao\BaiduZhidao\Debug\link.4696-cvtres.write.1.tlog
E:\VS2010Storage\BaiduZhidao\BaiduZhidao\Debug\link.command.1.tlog
E:\VS2010Storage\BaiduZhidao\BaiduZhidao\Debug\link.read.1.tlog
E:\VS2010Storage\BaiduZhidao\BaiduZhidao\Debug\link.write.1.tlog
E:\VS2010Storage\BaiduZhidao\BaiduZhidao\Debug\link-cvtres.read.1.tlog
E:\VS2010Storage\BaiduZhidao\BaiduZhidao\Debug\link-cvtres.write.1.tlog
E:\VS2010Storage\BaiduZhidao\BaiduZhidao\Debug\mt.command.1.tlog
E:\VS2010Storage\BaiduZhidao\BaiduZhidao\Debug\mt.read.1.tlog
E:\VS2010Storage\BaiduZhidao\BaiduZhidao\Debug\mt.write.1.tlog
E:\VS2010Storage\BaiduZhidao\BaiduZhidao\Debug\rc.command.1.tlog
E:\VS2010Storage\BaiduZhidao\BaiduZhidao\Debug\rc.read.1.tlog
E:\VS2010Storage\BaiduZhidao\BaiduZhidao\Debug\rc.write.1.tlog
E:\VS2010STORAGE\BAIDUZHIDAO\BAIDUZHIDAO\DEBUG\TEST.OBJ
E:\VS2010STORAGE\BAIDUZHIDAO\BAIDUZHIDAO\DEBUG\TEST2.OBJ
E:\VS2010Storage\BaiduZhidao\BaiduZhidao\Debug\vc100.idb
E:\VS2010STORAGE\BAIDUZHIDAO\BAIDUZHIDAO\DEBUG\VC100.PDB
E:\VS2010STORAGE\BAIDUZHIDAO\DEBUG\BAIDUZHIDAO.EXE
E:\VS2010STORAGE\BAIDUZHIDAO\DEBUG\BAIDUZHIDAO.ILK
E:\VS2010STORAGE\BAIDUZHIDAO\DEBUG\BAIDUZHIDAO.PDB
