生成启动时间为 2016/11/5 22:34:27。
     1>项目“E:\VS2010\VS2010Storage\BaiduZhidao\BaiduZhidao\BaiduZhidao.vcxproj”在节点 2 上(build 个目标)。
     1>InitializeBuildStatus:
         正在创建“Debug\BaiduZhidao.unsuccessfulbuild”，因为已指定“AlwaysCreate”。
       ClCompile:
         C:\Program Files (x86)\Microsoft Visual Studio 10.0\VC\bin\CL.exe /c /ZI /nologo /W3 /WX- /Od /Oy- /D WIN32 /D _DEBUG /D _CONSOLE /D _UNICODE /D UNICODE /Gm /EHsc /RTC1 /MDd /GS /fp:precise /Zc:wchar_t /Zc:forScope /Fo"Debug\\" /Fd"Debug\vc100.pdb" /Gd /TC /analyze- /errorReport:prompt BaiduZhidao.c
         BaiduZhidao.c
     1>e:\vs2010\vs2010storage\baiduzhidao\baiduzhidao\baiduzhidao.c(908): warning C4996: 'gets': This function or variable may be unsafe. Consider using gets_s instead. To disable deprecation, use _CRT_SECURE_NO_WARNINGS. See online help for details.
                 c:\program files (x86)\microsoft visual studio 10.0\vc\include\stdio.h(277) : 参见“gets”的声明
       ManifestResourceCompile:
         所有输出均为最新。
       Link:
         C:\Program Files (x86)\Microsoft Visual Studio 10.0\VC\bin\link.exe /ERRORREPORT:PROMPT /OUT:"E:\VS2010\VS2010Storage\BaiduZhidao\Debug\BaiduZhidao.exe" /INCREMENTAL /NOLOGO kernel32.lib user32.lib gdi32.lib winspool.lib comdlg32.lib advapi32.lib shell32.lib ole32.lib oleaut32.lib uuid.lib odbc32.lib odbccp32.lib /MANIFEST /ManifestFile:"Debug\BaiduZhidao.exe.intermediate.manifest" /MANIFESTUAC:"level='asInvoker' uiAccess='false'" /DEBUG /PDB:"E:\VS2010\VS2010Storage\BaiduZhidao\Debug\BaiduZhidao.pdb" /SUBSYSTEM:CONSOLE /TLBID:1 /DYNAMICBASE /NXCOMPAT /IMPLIB:"E:\VS2010\VS2010Storage\BaiduZhidao\Debug\BaiduZhidao.lib" /MACHINE:X86 Debug\BaiduZhidao.exe.embed.manifest.res
         Debug\BaiduZhidao.obj
         Debug\test.obj
         Debug\test2.obj
       Manifest:
         C:\Program Files (x86)\Microsoft SDKs\Windows\v7.0A\bin\mt.exe /nologo /verbose /out:"Debug\BaiduZhidao.exe.embed.manifest" /manifest Debug\BaiduZhidao.exe.intermediate.manifest
         所有输出均为最新。
       LinkEmbedManifest:
         所有输出均为最新。
         BaiduZhidao.vcxproj -> E:\VS2010\VS2010Storage\BaiduZhidao\Debug\BaiduZhidao.exe
       FinalizeBuildStatus:
         正在删除文件“Debug\BaiduZhidao.unsuccessfulbuild”。
         正在对“Debug\BaiduZhidao.lastbuildstate”执行 Touch 任务。
     1>已完成生成项目“E:\VS2010\VS2010Storage\BaiduZhidao\BaiduZhidao\BaiduZhidao.vcxproj”(build 个目标)的操作。

生成成功。

已用时间 00:00:04.47
