生成启动时间为 2016/8/21 17:52:13。
     1>项目“E:\VS2010\VS2010Storage\BookManageSystem\BookManageSystem\BookManageSystem.vcxproj”在节点 2 上(build 个目标)。
     1>InitializeBuildStatus:
         正在对“x64\Debug\BookManageSystem.unsuccessfulbuild”执行 Touch 任务。
       ClCompile:
         所有输出均为最新。
         所有输出均为最新。
       ResourceCompile:
         所有输出均为最新。
       ManifestResourceCompile:
         所有输出均为最新。
       Link:
         C:\Program Files (x86)\Microsoft Visual Studio 10.0\VC\bin\x86_amd64\link.exe /ERRORREPORT:PROMPT /OUT:"E:\VS2010\VS2010Storage\BookManageSystem\x64\Debug\BookManageSystem.exe" /INCREMENTAL /NOLOGO /MANIFEST /ManifestFile:"x64\Debug\BookManageSystem.exe.intermediate.manifest" /MANIFESTUAC:"level='asInvoker' uiAccess='false'" /DEBUG /PDB:"E:\VS2010\VS2010Storage\BookManageSystem\x64\Debug\BookManageSystem.pdb" /SUBSYSTEM:WINDOWS /TLBID:1 /DYNAMICBASE /NXCOMPAT /IMPLIB:"E:\VS2010\VS2010Storage\BookManageSystem\x64\Debug\BookManageSystem.lib" /MACHINE:X64 x64\Debug\BookManageSystem.res
         x64\Debug\BookManageSystem.exe.embed.manifest.res
         x64\Debug\BookManageSystem.obj
         x64\Debug\BookManageSystemDlg.obj
         x64\Debug\ChangeCode.obj
         x64\Debug\MysqlOperation.obj
         x64\Debug\RegisterDlg.obj
         x64\Debug\stdafx.obj
         x64\Debug\SystemViewDlg.obj
         x64\Debug\VerificationCode.obj
         BookManageSystem.vcxproj -> E:\VS2010\VS2010Storage\BookManageSystem\x64\Debug\BookManageSystem.exe
       Manifest:
         C:\Program Files (x86)\Microsoft SDKs\Windows\v7.0A\bin\mt.exe /nologo /verbose /out:"x64\Debug\BookManageSystem.exe.embed.manifest" /manifest x64\Debug\BookManageSystem.exe.intermediate.manifest "C:\Program Files (x86)\Microsoft Visual Studio 10.0\VC\Include\Manifest\dpiaware.manifest"
         所有输出均为最新。
       LinkEmbedManifest:
         所有输出均为最新。
         BookManageSystem.vcxproj -> E:\VS2010\VS2010Storage\BookManageSystem\x64\Debug\BookManageSystem.exe
       FinalizeBuildStatus:
         正在删除文件“x64\Debug\BookManageSystem.unsuccessfulbuild”。
         正在对“x64\Debug\BookManageSystem.lastbuildstate”执行 Touch 任务。
     1>已完成生成项目“E:\VS2010\VS2010Storage\BookManageSystem\BookManageSystem\BookManageSystem.vcxproj”(build 个目标)的操作。

生成成功。

已用时间 00:00:00.71
