E:\VS2010\VS2010STORAGE\BOOKMANAGESYSTEM\BOOKMANAGESYSTEM\X64\DEBUG\BOOKMANAGESYSTEM.EXE.EMBED.MANIFEST
E:\VS2010\VS2010STORAGE\BOOKMANAGESYSTEM\BOOKMANAGESYSTEM\X64\DEBUG\BOOKMANAGESYSTEM.EXE.EMBED.MANIFEST.RES
E:\VS2010\VS2010STORAGE\BOOKMANAGESYSTEM\BOOKMANAGESYSTEM\X64\DEBUG\BOOKMANAGESYSTEM.EXE.INTERMEDIATE.MANIFEST
E:\VS2010\VS2010STORAGE\BOOKMANAGESYSTEM\BOOKMANAGESYSTEM\X64\DEBUG\BOOKMANAGESYSTEM.OBJ
E:\VS2010\VS2010STORAGE\BOOKMANAGESYSTEM\BOOKMANAGESYSTEM\X64\DEBUG\BOOKMANAGESYSTEM.PCH
E:\VS2010\VS2010STORAGE\BOOKMANAGESYSTEM\BOOKMANAGESYSTEM\X64\DEBUG\BOOKMANAGESYSTEM.RES
E:\VS2010\VS2010Storage\BookManageSystem\BookManageSystem\x64\Debug\BookManageSystem_manifest.rc
E:\VS2010\VS2010STORAGE\BOOKMANAGESYSTEM\BOOKMANAGESYSTEM\X64\DEBUG\BOOKMANAGESYSTEMDLG.OBJ
E:\VS2010\VS2010Storage\BookManageSystem\BookManageSystem\x64\Debug\cl.command.1.tlog
E:\VS2010\VS2010Storage\BookManageSystem\BookManageSystem\x64\Debug\CL.read.1.tlog
E:\VS2010\VS2010Storage\BookManageSystem\BookManageSystem\x64\Debug\CL.write.1.tlog
E:\VS2010\VS2010Storage\BookManageSystem\BookManageSystem\x64\Debug\link.command.1.tlog
E:\VS2010\VS2010Storage\BookManageSystem\BookManageSystem\x64\Debug\link.read.1.tlog
E:\VS2010\VS2010Storage\BookManageSystem\BookManageSystem\x64\Debug\link.write.1.tlog
E:\VS2010\VS2010Storage\BookManageSystem\BookManageSystem\x64\Debug\link-cvtres.read.1.tlog
E:\VS2010\VS2010Storage\BookManageSystem\BookManageSystem\x64\Debug\link-cvtres.write.1.tlog
E:\VS2010\VS2010Storage\BookManageSystem\BookManageSystem\x64\Debug\mt.command.1.tlog
E:\VS2010\VS2010Storage\BookManageSystem\BookManageSystem\x64\Debug\mt.read.1.tlog
E:\VS2010\VS2010Storage\BookManageSystem\BookManageSystem\x64\Debug\mt.write.1.tlog
E:\VS2010\VS2010STORAGE\BOOKMANAGESYSTEM\BOOKMANAGESYSTEM\X64\DEBUG\MYSQLOPERATION.OBJ
E:\VS2010\VS2010Storage\BookManageSystem\BookManageSystem\x64\Debug\rc.command.1.tlog
E:\VS2010\VS2010Storage\BookManageSystem\BookManageSystem\x64\Debug\rc.read.1.tlog
E:\VS2010\VS2010Storage\BookManageSystem\BookManageSystem\x64\Debug\rc.write.1.tlog
E:\VS2010\VS2010STORAGE\BOOKMANAGESYSTEM\BOOKMANAGESYSTEM\X64\DEBUG\STDAFX.OBJ
E:\VS2010\VS2010Storage\BookManageSystem\BookManageSystem\x64\Debug\vc100.idb
E:\VS2010\VS2010STORAGE\BOOKMANAGESYSTEM\BOOKMANAGESYSTEM\X64\DEBUG\VC100.PDB
E:\VS2010\VS2010STORAGE\BOOKMANAGESYSTEM\BOOKMANAGESYSTEM\X64\DEBUG\VERIFICATIONCODE.OBJ
E:\VS2010\VS2010STORAGE\BOOKMANAGESYSTEM\X64\DEBUG\BOOKMANAGESYSTEM.EXE
E:\VS2010\VS2010STORAGE\BOOKMANAGESYSTEM\X64\DEBUG\BOOKMANAGESYSTEM.ILK
E:\VS2010\VS2010STORAGE\BOOKMANAGESYSTEM\X64\DEBUG\BOOKMANAGESYSTEM.PDB
