生成启动时间为 2016/5/2 20:45:10。
     1>项目“E:\VS2010Storage\SortAlgorithm\BubbleSort\BubbleSort\BubbleSort.vcxproj”在节点 2 上(build 个目标)。
     1>InitializeBuildStatus:
         正在创建“Debug\BubbleSort.unsuccessfulbuild”，因为已指定“AlwaysCreate”。
       ClCompile:
         C:\Program Files (x86)\Microsoft Visual Studio 10.0\VC\bin\CL.exe /c /ZI /nologo /W3 /WX- /Od /Oy- /D WIN32 /D _DEBUG /D _CONSOLE /D _UNICODE /D UNICODE /Gm /EHsc /RTC1 /MDd /GS /fp:precise /Zc:wchar_t /Zc:forScope /Fo"Debug\\" /Fd"Debug\vc100.pdb" /Gd /TC /analyze- /errorReport:prompt BubbleSort.c HeapSort.c QuickSort.c ShellSort.c SimpleSelectionSort.c SortMethodmain.c StraightInsertSort.c show.c
         show.c
         StraightInsertSort.c
         SortMethodmain.c
         SimpleSelectionSort.c
         ShellSort.c
         QuickSort.c
         HeapSort.c
         BubbleSort.c
         正在生成代码...
       ManifestResourceCompile:
         所有输出均为最新。
       Link:
         C:\Program Files (x86)\Microsoft Visual Studio 10.0\VC\bin\link.exe /ERRORREPORT:PROMPT /OUT:"E:\VS2010Storage\SortAlgorithm\BubbleSort\Debug\BubbleSort.exe" /INCREMENTAL /NOLOGO kernel32.lib user32.lib gdi32.lib winspool.lib comdlg32.lib advapi32.lib shell32.lib ole32.lib oleaut32.lib uuid.lib odbc32.lib odbccp32.lib /MANIFEST /ManifestFile:"Debug\BubbleSort.exe.intermediate.manifest" /MANIFESTUAC:"level='asInvoker' uiAccess='false'" /DEBUG /PDB:"E:\VS2010Storage\SortAlgorithm\BubbleSort\Debug\BubbleSort.pdb" /SUBSYSTEM:CONSOLE /TLBID:1 /DYNAMICBASE /NXCOMPAT /IMPLIB:"E:\VS2010Storage\SortAlgorithm\BubbleSort\Debug\BubbleSort.lib" /MACHINE:X86 Debug\BubbleSort.exe.embed.manifest.res
         Debug\BubbleImprovedSort.obj
         Debug\BubbleSort.obj
         Debug\HeapSort.obj
         Debug\QuickSort.obj
         Debug\ShellSort.obj
         Debug\show.obj
         Debug\SimpleSelectionSort.obj
         Debug\SortMethodmain.obj
         Debug\StraightInsertSort.obj
       Manifest:
         C:\Program Files (x86)\Microsoft SDKs\Windows\v7.0A\bin\mt.exe /nologo /verbose /out:"Debug\BubbleSort.exe.embed.manifest" /manifest Debug\BubbleSort.exe.intermediate.manifest
         所有输出均为最新。
       LinkEmbedManifest:
         所有输出均为最新。
         BubbleSort.vcxproj -> E:\VS2010Storage\SortAlgorithm\BubbleSort\Debug\BubbleSort.exe
       FinalizeBuildStatus:
         正在删除文件“Debug\BubbleSort.unsuccessfulbuild”。
         正在对“Debug\BubbleSort.lastbuildstate”执行 Touch 任务。
     1>已完成生成项目“E:\VS2010Storage\SortAlgorithm\BubbleSort\BubbleSort\BubbleSort.vcxproj”(build 个目标)的操作。

生成成功。

已用时间 00:00:01.50
