E:\VS2010STORAGE\SORTALGORITHM\BUBBLESORT\BUBBLESORT\DEBUG\BUBBLEIMPROVEDSORT.OBJ
E:\VS2010STORAGE\SORTALGORITHM\BUBBLESORT\BUBBLESORT\DEBUG\BUBBLESORT.EXE.EMBED.MANIFEST
E:\VS2010STORAGE\SORTALGORITHM\BUBBLESORT\BUBBLESORT\DEBUG\BUBBLESORT.EXE.EMBED.MANIFEST.RES
E:\VS2010STORAGE\SORTALGORITHM\BUBBLESORT\BUBBLESORT\DEBUG\BUBBLESORT.EXE.INTERMEDIATE.MANIFEST
E:\VS2010STORAGE\SORTALGORITHM\BUBBLESORT\BUBBLESORT\DEBUG\BUBBLESORT.OBJ
E:\VS2010Storage\SortAlgorithm\BubbleSort\BubbleSort\Debug\BubbleSort_manifest.rc
E:\VS2010Storage\SortAlgorithm\BubbleSort\BubbleSort\Debug\cl.command.1.tlog
E:\VS2010Storage\SortAlgorithm\BubbleSort\BubbleSort\Debug\CL.read.1.tlog
E:\VS2010Storage\SortAlgorithm\BubbleSort\BubbleSort\Debug\CL.write.1.tlog
E:\VS2010Storage\SortAlgorithm\BubbleSort\BubbleSort\Debug\link.7700.read.1.tlog
E:\VS2010Storage\SortAlgorithm\BubbleSort\BubbleSort\Debug\link.7700.write.1.tlog
E:\VS2010Storage\SortAlgorithm\BubbleSort\BubbleSort\Debug\link.7700-cvtres.read.1.tlog
E:\VS2010Storage\SortAlgorithm\BubbleSort\BubbleSort\Debug\link.7700-cvtres.write.1.tlog
E:\VS2010Storage\SortAlgorithm\BubbleSort\BubbleSort\Debug\link.8284.read.1.tlog
E:\VS2010Storage\SortAlgorithm\BubbleSort\BubbleSort\Debug\link.8284.write.1.tlog
E:\VS2010Storage\SortAlgorithm\BubbleSort\BubbleSort\Debug\link.8284-cvtres.read.1.tlog
E:\VS2010Storage\SortAlgorithm\BubbleSort\BubbleSort\Debug\link.8284-cvtres.write.1.tlog
E:\VS2010Storage\SortAlgorithm\BubbleSort\BubbleSort\Debug\link.9056.read.1.tlog
E:\VS2010Storage\SortAlgorithm\BubbleSort\BubbleSort\Debug\link.9056.write.1.tlog
E:\VS2010Storage\SortAlgorithm\BubbleSort\BubbleSort\Debug\link.9056-cvtres.read.1.tlog
E:\VS2010Storage\SortAlgorithm\BubbleSort\BubbleSort\Debug\link.9056-cvtres.write.1.tlog
E:\VS2010Storage\SortAlgorithm\BubbleSort\BubbleSort\Debug\link.9148.read.1.tlog
E:\VS2010Storage\SortAlgorithm\BubbleSort\BubbleSort\Debug\link.9148.write.1.tlog
E:\VS2010Storage\SortAlgorithm\BubbleSort\BubbleSort\Debug\link.9148-cvtres.read.1.tlog
E:\VS2010Storage\SortAlgorithm\BubbleSort\BubbleSort\Debug\link.9148-cvtres.write.1.tlog
E:\VS2010Storage\SortAlgorithm\BubbleSort\BubbleSort\Debug\link.command.1.tlog
E:\VS2010Storage\SortAlgorithm\BubbleSort\BubbleSort\Debug\link.read.1.tlog
E:\VS2010Storage\SortAlgorithm\BubbleSort\BubbleSort\Debug\link.write.1.tlog
E:\VS2010Storage\SortAlgorithm\BubbleSort\BubbleSort\Debug\link-cvtres.read.1.tlog
E:\VS2010Storage\SortAlgorithm\BubbleSort\BubbleSort\Debug\link-cvtres.write.1.tlog
E:\VS2010Storage\SortAlgorithm\BubbleSort\BubbleSort\Debug\mt.command.1.tlog
E:\VS2010Storage\SortAlgorithm\BubbleSort\BubbleSort\Debug\mt.read.1.tlog
E:\VS2010Storage\SortAlgorithm\BubbleSort\BubbleSort\Debug\mt.write.1.tlog
E:\VS2010STORAGE\SORTALGORITHM\BUBBLESORT\BUBBLESORT\DEBUG\QUICKSORT.OBJ
E:\VS2010Storage\SortAlgorithm\BubbleSort\BubbleSort\Debug\rc.command.1.tlog
E:\VS2010Storage\SortAlgorithm\BubbleSort\BubbleSort\Debug\rc.read.1.tlog
E:\VS2010Storage\SortAlgorithm\BubbleSort\BubbleSort\Debug\rc.write.1.tlog
E:\VS2010STORAGE\SORTALGORITHM\BUBBLESORT\BUBBLESORT\DEBUG\SHOW.OBJ
E:\VS2010STORAGE\SORTALGORITHM\BUBBLESORT\BUBBLESORT\DEBUG\SORTMETHODMAIN.OBJ
E:\VS2010Storage\SortAlgorithm\BubbleSort\BubbleSort\Debug\vc100.idb
E:\VS2010STORAGE\SORTALGORITHM\BUBBLESORT\BUBBLESORT\DEBUG\VC100.PDB
E:\VS2010STORAGE\SORTALGORITHM\BUBBLESORT\DEBUG\BUBBLESORT.EXE
E:\VS2010STORAGE\SORTALGORITHM\BUBBLESORT\DEBUG\BUBBLESORT.ILK
E:\VS2010STORAGE\SORTALGORITHM\BUBBLESORT\DEBUG\BUBBLESORT.PDB
