生成启动时间为 2017/2/6 22:28:52。
     1>项目“E:\VS2010\VS2010Storage\LeetCodeOJ\LeetCodeOJ\LeetCodeOJ.vcxproj”在节点 2 上(build 个目标)。
     1>InitializeBuildStatus:
         正在创建“Debug\LeetCodeOJ.unsuccessfulbuild”，因为已指定“AlwaysCreate”。
       ClCompile:
         C:\Program Files (x86)\Microsoft Visual Studio 10.0\VC\bin\CL.exe /c /ZI /nologo /W3 /WX- /Od /Oy- /D WIN32 /D _DEBUG /D _CONSOLE /D _UNICODE /D UNICODE /Gm /EHsc /RTC1 /MDd /GS /fp:precise /Zc:wchar_t /Zc:forScope /Fo"Debug\\" /Fd"Debug\vc100.pdb" /Gd /TP /analyze- /errorReport:prompt Main.cpp
         Main.cpp
     1>e:\vs2010\vs2010storage\leetcodeoj\leetcodeoj\main.cpp(15): warning C4018: “<”: 有符号/无符号不匹配
       ManifestResourceCompile:
         所有输出均为最新。
       Link:
         C:\Program Files (x86)\Microsoft Visual Studio 10.0\VC\bin\link.exe /ERRORREPORT:PROMPT /OUT:"E:\VS2010\VS2010Storage\LeetCodeOJ\Debug\LeetCodeOJ.exe" /INCREMENTAL /NOLOGO kernel32.lib user32.lib gdi32.lib winspool.lib comdlg32.lib advapi32.lib shell32.lib ole32.lib oleaut32.lib uuid.lib odbc32.lib odbccp32.lib /MANIFEST /ManifestFile:"Debug\LeetCodeOJ.exe.intermediate.manifest" /MANIFESTUAC:"level='asInvoker' uiAccess='false'" /DEBUG /PDB:"E:\VS2010\VS2010Storage\LeetCodeOJ\Debug\LeetCodeOJ.pdb" /SUBSYSTEM:CONSOLE /TLBID:1 /DYNAMICBASE /NXCOMPAT /IMPLIB:"E:\VS2010\VS2010Storage\LeetCodeOJ\Debug\LeetCodeOJ.lib" /MACHINE:X86 Debug\LeetCodeOJ.exe.embed.manifest.res
         Debug\LeetCodeOJ.obj
         Debug\Main.obj
       Manifest:
         C:\Program Files (x86)\Microsoft SDKs\Windows\v7.0A\bin\mt.exe /nologo /verbose /out:"Debug\LeetCodeOJ.exe.embed.manifest" /manifest Debug\LeetCodeOJ.exe.intermediate.manifest
         所有输出均为最新。
       LinkEmbedManifest:
         所有输出均为最新。
         LeetCodeOJ.vcxproj -> E:\VS2010\VS2010Storage\LeetCodeOJ\Debug\LeetCodeOJ.exe
       FinalizeBuildStatus:
         正在删除文件“Debug\LeetCodeOJ.unsuccessfulbuild”。
         正在对“Debug\LeetCodeOJ.lastbuildstate”执行 Touch 任务。
     1>已完成生成项目“E:\VS2010\VS2010Storage\LeetCodeOJ\LeetCodeOJ\LeetCodeOJ.vcxproj”(build 个目标)的操作。

生成成功。

已用时间 00:00:01.68
