生成启动时间为 2016/9/10 10:15:38。
     1>项目“E:\VS2010\VS2010Storage\CRFPP\CRFPP\CRFPP.vcxproj”在节点 2 上(rebuild 个目标)。
     1>_PrepareForClean:
         正在删除文件“Debug\CRFPP.lastbuildstate”。
       InitializeBuildStatus:
         正在对“Debug\CRFPP.unsuccessfulbuild”执行 Touch 任务。
       ClCompile:
         C:\Program Files (x86)\Microsoft Visual Studio 10.0\VC\bin\CL.exe /c /I"D:\NLP\crf++\CRF++-0.58-tar-gz\CRF++-0.58" /I"C:\Program Files\Java\jdk1.8.0_92\include\win32" /I"C:\Program Files\Java\jdk1.8.0_92\include" /ZI /nologo /W3 /WX- /Od /Oy- /D WIN32 /D _DEBUG /D _WINDOWS /D _USRDLL /D CRFPP_EXPORTS /D _WINDLL /D _UNICODE /D UNICODE /Gm /EHsc /RTC1 /MDd /GS /fp:precise /Zc:wchar_t /Zc:forScope /Fo"Debug\\" /Fd"Debug\vc100.pdb" /Gd /TP /analyze- /errorReport:prompt "D:\NLP\crf++\CRF++-0.58-tar-gz\CRF++-0.58\java\CRFPP_wrap.cxx"
         CRFPP_wrap.cxx
       ManifestResourceCompile:
         C:\Program Files (x86)\Microsoft SDKs\Windows\v7.0A\bin\rc.exe /nologo /fo"Debug\CRFPP.dll.embed.manifest.res" Debug\CRFPP_manifest.rc 
       Link:
         C:\Program Files (x86)\Microsoft Visual Studio 10.0\VC\bin\link.exe /ERRORREPORT:PROMPT /OUT:"E:\VS2010\VS2010Storage\CRFPP\Debug\CRFPP.dll" /INCREMENTAL /NOLOGO /LIBPATH:"C:\Program Files\Java\jdk1.8.0_92\include\win32" /LIBPATH:"C:\Program Files\Java\jdk1.8.0_92\include" kernel32.lib user32.lib gdi32.lib winspool.lib comdlg32.lib advapi32.lib shell32.lib ole32.lib oleaut32.lib uuid.lib odbc32.lib odbccp32.lib /MANIFEST /ManifestFile:"Debug\CRFPP.dll.intermediate.manifest" /MANIFESTUAC:"level='asInvoker' uiAccess='false'" /DEBUG /PDB:"E:\VS2010\VS2010Storage\CRFPP\Debug\CRFPP.pdb" /SUBSYSTEM:WINDOWS /TLBID:1 /DYNAMICBASE /NXCOMPAT /IMPLIB:"E:\VS2010\VS2010Storage\CRFPP\Debug\CRFPP.lib" /MACHINE:X86 /DLL Debug\CRFPP.dll.embed.manifest.res
         Debug\CRFPP_wrap.obj
         "D:\NLP\crf++\CRF++-0.58-zip\CRF++-0.58\sdk\libcrfpp.lib"
            正在创建库 E:\VS2010\VS2010Storage\CRFPP\Debug\CRFPP.lib 和对象 E:\VS2010\VS2010Storage\CRFPP\Debug\CRFPP.exp
       Manifest:
         正在删除文件“Debug\CRFPP.dll.embed.manifest”。
         C:\Program Files (x86)\Microsoft SDKs\Windows\v7.0A\bin\mt.exe /nologo /verbose /out:"Debug\CRFPP.dll.embed.manifest" /manifest Debug\CRFPP.dll.intermediate.manifest
         C:\Program Files (x86)\Microsoft SDKs\Windows\v7.0A\bin\rc.exe /nologo /fo"Debug\CRFPP.dll.embed.manifest.res" Debug\CRFPP_manifest.rc 
       LinkEmbedManifest:
         C:\Program Files (x86)\Microsoft Visual Studio 10.0\VC\bin\link.exe /ERRORREPORT:PROMPT /OUT:"E:\VS2010\VS2010Storage\CRFPP\Debug\CRFPP.dll" /INCREMENTAL /NOLOGO /LIBPATH:"C:\Program Files\Java\jdk1.8.0_92\include\win32" /LIBPATH:"C:\Program Files\Java\jdk1.8.0_92\include" kernel32.lib user32.lib gdi32.lib winspool.lib comdlg32.lib advapi32.lib shell32.lib ole32.lib oleaut32.lib uuid.lib odbc32.lib odbccp32.lib /MANIFEST /ManifestFile:"Debug\CRFPP.dll.intermediate.manifest" /MANIFESTUAC:"level='asInvoker' uiAccess='false'" /DEBUG /PDB:"E:\VS2010\VS2010Storage\CRFPP\Debug\CRFPP.pdb" /SUBSYSTEM:WINDOWS /TLBID:1 /DYNAMICBASE /NXCOMPAT /IMPLIB:"E:\VS2010\VS2010Storage\CRFPP\Debug\CRFPP.lib" /MACHINE:X86 /DLL Debug\CRFPP.dll.embed.manifest.res
         Debug\CRFPP_wrap.obj
         "D:\NLP\crf++\CRF++-0.58-zip\CRF++-0.58\sdk\libcrfpp.lib"
            正在创建库 E:\VS2010\VS2010Storage\CRFPP\Debug\CRFPP.lib 和对象 E:\VS2010\VS2010Storage\CRFPP\Debug\CRFPP.exp
         CRFPP.vcxproj -> E:\VS2010\VS2010Storage\CRFPP\Debug\CRFPP.dll
       FinalizeBuildStatus:
         正在删除文件“Debug\CRFPP.unsuccessfulbuild”。
         正在对“Debug\CRFPP.lastbuildstate”执行 Touch 任务。
     1>已完成生成项目“E:\VS2010\VS2010Storage\CRFPP\CRFPP\CRFPP.vcxproj”(rebuild 个目标)的操作。

生成成功。

已用时间 00:00:03.06
