F:\VS2010Storage\Login_with_database\Debug\Login_with_database.pdb
F:\VS2010Storage\Login_with_database\Login_with_database\Debug\cl.command.1.tlog
F:\VS2010Storage\Login_with_database\Login_with_database\Debug\CL.read.1.tlog
F:\VS2010Storage\Login_with_database\Login_with_database\Debug\CL.write.1.tlog
F:\VS2010Storage\Login_with_database\Login_with_database\Debug\link.command.1.tlog
F:\VS2010Storage\Login_with_database\Login_with_database\Debug\link.read.1.tlog
F:\VS2010Storage\Login_with_database\Login_with_database\Debug\link.write.1.tlog
F:\VS2010Storage\Login_with_database\Login_with_database\Debug\link-cvtres.read.1.tlog
F:\VS2010Storage\Login_with_database\Login_with_database\Debug\link-cvtres.write.1.tlog
F:\VS2010Storage\Login_with_database\Login_with_database\Debug\Login_with_database.exe.embed.manifest
F:\VS2010STORAGE\LOGIN_WITH_DATABASE\LOGIN_WITH_DATABASE\DEBUG\LOGIN_WITH_DATABASE.EXE.EMBED.MANIFEST.RES
F:\VS2010Storage\Login_with_database\Login_with_database\Debug\Login_with_database.exe.intermediate.manifest
F:\VS2010STORAGE\LOGIN_WITH_DATABASE\LOGIN_WITH_DATABASE\DEBUG\LOGIN_WITH_DATABASE.OBJ
F:\VS2010STORAGE\LOGIN_WITH_DATABASE\LOGIN_WITH_DATABASE\DEBUG\LOGIN_WITH_DATABASE.PCH
F:\VS2010STORAGE\LOGIN_WITH_DATABASE\LOGIN_WITH_DATABASE\DEBUG\LOGIN_WITH_DATABASE.RES
F:\VS2010Storage\Login_with_database\Login_with_database\Debug\Login_with_database.vcxprojResolveAssemblyReference.cache
F:\VS2010Storage\Login_with_database\Login_with_database\Debug\Login_with_database.write.1.tlog
F:\VS2010Storage\Login_with_database\Login_with_database\Debug\Login_with_database_manifest.rc
F:\VS2010STORAGE\LOGIN_WITH_DATABASE\LOGIN_WITH_DATABASE\DEBUG\LOGIN_WITH_DATABASEDLG.OBJ
F:\VS2010STORAGE\LOGIN_WITH_DATABASE\LOGIN_WITH_DATABASE\DEBUG\MAINVIEW.OBJ
F:\VS2010Storage\Login_with_database\Login_with_database\Debug\msado15.tlh
F:\VS2010Storage\Login_with_database\Login_with_database\Debug\msado15.tli
F:\VS2010Storage\Login_with_database\Login_with_database\Debug\rc.command.1.tlog
F:\VS2010Storage\Login_with_database\Login_with_database\Debug\rc.read.1.tlog
F:\VS2010Storage\Login_with_database\Login_with_database\Debug\rc.write.1.tlog
F:\VS2010STORAGE\LOGIN_WITH_DATABASE\LOGIN_WITH_DATABASE\DEBUG\SIGNINDLG.OBJ
F:\VS2010STORAGE\LOGIN_WITH_DATABASE\LOGIN_WITH_DATABASE\DEBUG\SQLOPERATION.OBJ
F:\VS2010STORAGE\LOGIN_WITH_DATABASE\LOGIN_WITH_DATABASE\DEBUG\STDAFX.OBJ
F:\VS2010Storage\Login_with_database\Login_with_database\Debug\vc100.idb
F:\VS2010STORAGE\LOGIN_WITH_DATABASE\LOGIN_WITH_DATABASE\DEBUG\VC100.PDB
