E:\VS2010STORAGE\HUAWEI2012CHENGDU\DEBUG\HUAWEI2012CHENGDU.EXE
E:\VS2010STORAGE\HUAWEI2012CHENGDU\DEBUG\HUAWEI2012CHENGDU.ILK
E:\VS2010STORAGE\HUAWEI2012CHENGDU\DEBUG\HUAWEI2012CHENGDU.PDB
E:\VS2010Storage\HuaWei2012Chengdu\HuaWei2012Chengdu\Debug\cl.command.1.tlog
E:\VS2010Storage\HuaWei2012Chengdu\HuaWei2012Chengdu\Debug\CL.read.1.tlog
E:\VS2010Storage\HuaWei2012Chengdu\HuaWei2012Chengdu\Debug\CL.write.1.tlog
E:\VS2010STORAGE\HUAWEI2012CHENGDU\HUAWEI2012CHENGDU\DEBUG\HUAWEI2012CHENGDU.EXE.EMBED.MANIFEST
E:\VS2010STORAGE\HUAWEI2012CHENGDU\HUAWEI2012CHENGDU\DEBUG\HUAWEI2012CHENGDU.EXE.EMBED.MANIFEST.RES
E:\VS2010STORAGE\HUAWEI2012CHENGDU\HUAWEI2012CHENGDU\DEBUG\HUAWEI2012CHENGDU.EXE.INTERMEDIATE.MANIFEST
E:\VS2010Storage\HuaWei2012Chengdu\HuaWei2012Chengdu\Debug\HuaWei2012Chengdu_manifest.rc
E:\VS2010Storage\HuaWei2012Chengdu\HuaWei2012Chengdu\Debug\link.12428.read.1.tlog
E:\VS2010Storage\HuaWei2012Chengdu\HuaWei2012Chengdu\Debug\link.12428.write.1.tlog
E:\VS2010Storage\HuaWei2012Chengdu\HuaWei2012Chengdu\Debug\link.12428-cvtres.read.1.tlog
E:\VS2010Storage\HuaWei2012Chengdu\HuaWei2012Chengdu\Debug\link.12428-cvtres.write.1.tlog
E:\VS2010Storage\HuaWei2012Chengdu\HuaWei2012Chengdu\Debug\link.4912.read.1.tlog
E:\VS2010Storage\HuaWei2012Chengdu\HuaWei2012Chengdu\Debug\link.4912.write.1.tlog
E:\VS2010Storage\HuaWei2012Chengdu\HuaWei2012Chengdu\Debug\link.4912-cvtres.read.1.tlog
E:\VS2010Storage\HuaWei2012Chengdu\HuaWei2012Chengdu\Debug\link.4912-cvtres.write.1.tlog
E:\VS2010Storage\HuaWei2012Chengdu\HuaWei2012Chengdu\Debug\link.6460.read.1.tlog
E:\VS2010Storage\HuaWei2012Chengdu\HuaWei2012Chengdu\Debug\link.6460.write.1.tlog
E:\VS2010Storage\HuaWei2012Chengdu\HuaWei2012Chengdu\Debug\link.6460-cvtres.read.1.tlog
E:\VS2010Storage\HuaWei2012Chengdu\HuaWei2012Chengdu\Debug\link.6460-cvtres.write.1.tlog
E:\VS2010Storage\HuaWei2012Chengdu\HuaWei2012Chengdu\Debug\link.command.1.tlog
E:\VS2010Storage\HuaWei2012Chengdu\HuaWei2012Chengdu\Debug\link.read.1.tlog
E:\VS2010Storage\HuaWei2012Chengdu\HuaWei2012Chengdu\Debug\link.write.1.tlog
E:\VS2010Storage\HuaWei2012Chengdu\HuaWei2012Chengdu\Debug\link-cvtres.read.1.tlog
E:\VS2010Storage\HuaWei2012Chengdu\HuaWei2012Chengdu\Debug\link-cvtres.write.1.tlog
E:\VS2010Storage\HuaWei2012Chengdu\HuaWei2012Chengdu\Debug\mt.command.1.tlog
E:\VS2010Storage\HuaWei2012Chengdu\HuaWei2012Chengdu\Debug\mt.read.1.tlog
E:\VS2010Storage\HuaWei2012Chengdu\HuaWei2012Chengdu\Debug\mt.write.1.tlog
E:\VS2010STORAGE\HUAWEI2012CHENGDU\HUAWEI2012CHENGDU\DEBUG\OPERATERSYSTEM.OBJ
E:\VS2010Storage\HuaWei2012Chengdu\HuaWei2012Chengdu\Debug\rc.command.1.tlog
E:\VS2010Storage\HuaWei2012Chengdu\HuaWei2012Chengdu\Debug\rc.read.1.tlog
E:\VS2010Storage\HuaWei2012Chengdu\HuaWei2012Chengdu\Debug\rc.write.1.tlog
E:\VS2010STORAGE\HUAWEI2012CHENGDU\HUAWEI2012CHENGDU\DEBUG\SHOWSCORE.OBJ
E:\VS2010STORAGE\HUAWEI2012CHENGDU\HUAWEI2012CHENGDU\DEBUG\SORT.OBJ
E:\VS2010Storage\HuaWei2012Chengdu\HuaWei2012Chengdu\Debug\vc100.idb
E:\VS2010STORAGE\HUAWEI2012CHENGDU\HUAWEI2012CHENGDU\DEBUG\VC100.PDB
