生成启动时间为 2015/8/12 15:54:10。
     1>项目“E:\VS2010Storage\HuaWei2012Chengdu\HuaWei2012Chengdu\HuaWei2012Chengdu.vcxproj”在节点 2 上(build 个目标)。
     1>InitializeBuildStatus:
         正在创建“Debug\HuaWei2012Chengdu.unsuccessfulbuild”，因为已指定“AlwaysCreate”。
       ClCompile:
         e:\VS2010SetupFile\VC\bin\CL.exe /c /ZI /nologo /W3 /WX- /Od /Oy- /D WIN32 /D _DEBUG /D _CONSOLE /D _UNICODE /D UNICODE /Gm /EHsc /RTC1 /MDd /GS /fp:precise /Zc:wchar_t /Zc:forScope /Fo"Debug\\" /Fd"Debug\vc100.pdb" /Gd /TC /analyze- /errorReport:prompt PhoneNum.c
         PhoneNum.c
       ManifestResourceCompile:
         所有输出均为最新。
       Link:
         e:\VS2010SetupFile\VC\bin\link.exe /ERRORREPORT:PROMPT /OUT:"E:\VS2010Storage\HuaWei2012Chengdu\Debug\HuaWei2012Chengdu.exe" /INCREMENTAL /NOLOGO kernel32.lib user32.lib gdi32.lib winspool.lib comdlg32.lib advapi32.lib shell32.lib ole32.lib oleaut32.lib uuid.lib odbc32.lib odbccp32.lib /MANIFEST /ManifestFile:"Debug\HuaWei2012Chengdu.exe.intermediate.manifest" /MANIFESTUAC:"level='asInvoker' uiAccess='false'" /DEBUG /PDB:"E:\VS2010Storage\HuaWei2012Chengdu\Debug\HuaWei2012Chengdu.pdb" /SUBSYSTEM:CONSOLE /TLBID:1 /DYNAMICBASE /NXCOMPAT /IMPLIB:"E:\VS2010Storage\HuaWei2012Chengdu\Debug\HuaWei2012Chengdu.lib" /MACHINE:X86 Debug\HuaWei2012Chengdu.exe.embed.manifest.res
         Debug\PhoneNum.obj
       Manifest:
         C:\Program Files\Microsoft SDKs\Windows\v7.0A\bin\mt.exe /nologo /verbose /out:"Debug\HuaWei2012Chengdu.exe.embed.manifest" /manifest Debug\HuaWei2012Chengdu.exe.intermediate.manifest
         所有输出均为最新。
       LinkEmbedManifest:
         所有输出均为最新。
         HuaWei2012Chengdu.vcxproj -> E:\VS2010Storage\HuaWei2012Chengdu\Debug\HuaWei2012Chengdu.exe
       FinalizeBuildStatus:
         正在删除文件“Debug\HuaWei2012Chengdu.unsuccessfulbuild”。
         正在对“Debug\HuaWei2012Chengdu.lastbuildstate”执行 Touch 任务。
     1>已完成生成项目“E:\VS2010Storage\HuaWei2012Chengdu\HuaWei2012Chengdu\HuaWei2012Chengdu.vcxproj”(build 个目标)的操作。

生成成功。

已用时间 00:00:01.58
