E:\VS2010STORAGE\TEMPLATE\DEBUG\TEMPLATE.EXE
E:\VS2010STORAGE\TEMPLATE\DEBUG\TEMPLATE.ILK
E:\VS2010STORAGE\TEMPLATE\DEBUG\TEMPLATE.PDB
E:\VS2010Storage\template\template\Debug\cl.command.1.tlog
E:\VS2010Storage\template\template\Debug\CL.read.1.tlog
E:\VS2010Storage\template\template\Debug\CL.write.1.tlog
E:\VS2010Storage\template\template\Debug\link.10116.read.1.tlog
E:\VS2010Storage\template\template\Debug\link.10116.write.1.tlog
E:\VS2010Storage\template\template\Debug\link.10116-cvtres.read.1.tlog
E:\VS2010Storage\template\template\Debug\link.10116-cvtres.write.1.tlog
E:\VS2010Storage\template\template\Debug\link.4760.read.1.tlog
E:\VS2010Storage\template\template\Debug\link.4760.write.1.tlog
E:\VS2010Storage\template\template\Debug\link.4760-cvtres.read.1.tlog
E:\VS2010Storage\template\template\Debug\link.4760-cvtres.write.1.tlog
E:\VS2010Storage\template\template\Debug\link.5960.read.1.tlog
E:\VS2010Storage\template\template\Debug\link.5960.write.1.tlog
E:\VS2010Storage\template\template\Debug\link.5960-cvtres.read.1.tlog
E:\VS2010Storage\template\template\Debug\link.5960-cvtres.write.1.tlog
E:\VS2010Storage\template\template\Debug\link.7852.read.1.tlog
E:\VS2010Storage\template\template\Debug\link.7852.write.1.tlog
E:\VS2010Storage\template\template\Debug\link.7852-cvtres.read.1.tlog
E:\VS2010Storage\template\template\Debug\link.7852-cvtres.write.1.tlog
E:\VS2010Storage\template\template\Debug\link.8532.read.1.tlog
E:\VS2010Storage\template\template\Debug\link.8532.write.1.tlog
E:\VS2010Storage\template\template\Debug\link.8532-cvtres.read.1.tlog
E:\VS2010Storage\template\template\Debug\link.8532-cvtres.write.1.tlog
E:\VS2010Storage\template\template\Debug\link.command.1.tlog
E:\VS2010Storage\template\template\Debug\link.read.1.tlog
E:\VS2010Storage\template\template\Debug\link.write.1.tlog
E:\VS2010Storage\template\template\Debug\link-cvtres.read.1.tlog
E:\VS2010Storage\template\template\Debug\link-cvtres.write.1.tlog
E:\VS2010Storage\template\template\Debug\mt.command.1.tlog
E:\VS2010Storage\template\template\Debug\mt.read.1.tlog
E:\VS2010Storage\template\template\Debug\mt.write.1.tlog
E:\VS2010Storage\template\template\Debug\rc.command.1.tlog
E:\VS2010Storage\template\template\Debug\rc.read.1.tlog
E:\VS2010Storage\template\template\Debug\rc.write.1.tlog
E:\VS2010STORAGE\TEMPLATE\TEMPLATE\DEBUG\TEMPLATE.EXE.EMBED.MANIFEST
E:\VS2010STORAGE\TEMPLATE\TEMPLATE\DEBUG\TEMPLATE.EXE.EMBED.MANIFEST.RES
E:\VS2010STORAGE\TEMPLATE\TEMPLATE\DEBUG\TEMPLATE.EXE.INTERMEDIATE.MANIFEST
E:\VS2010STORAGE\TEMPLATE\TEMPLATE\DEBUG\TEMPLATE.OBJ
E:\VS2010Storage\template\template\Debug\template_manifest.rc
E:\VS2010Storage\template\template\Debug\vc100.idb
E:\VS2010STORAGE\TEMPLATE\TEMPLATE\DEBUG\VC100.PDB
