E:\VS2010STORAGE\MYDLL\DEBUG\MYDLL.DLL
E:\VS2010Storage\mydll\Debug\mydll.exp
E:\VS2010STORAGE\MYDLL\DEBUG\MYDLL.ILK
E:\VS2010Storage\mydll\Debug\mydll.lib
E:\VS2010STORAGE\MYDLL\DEBUG\MYDLL.PDB
E:\VS2010STORAGE\MYDLL\MYDLL\DEBUG\CIRCLE.OBJ
E:\VS2010Storage\mydll\mydll\Debug\cl.command.1.tlog
E:\VS2010Storage\mydll\mydll\Debug\CL.read.1.tlog
E:\VS2010Storage\mydll\mydll\Debug\CL.write.1.tlog
E:\VS2010STORAGE\MYDLL\MYDLL\DEBUG\DLLMAIN.OBJ
E:\VS2010Storage\mydll\mydll\Debug\link.6120.read.1.tlog
E:\VS2010Storage\mydll\mydll\Debug\link.6120.write.1.tlog
E:\VS2010Storage\mydll\mydll\Debug\link.6120-cvtres.read.1.tlog
E:\VS2010Storage\mydll\mydll\Debug\link.6120-cvtres.write.1.tlog
E:\VS2010Storage\mydll\mydll\Debug\link.command.1.tlog
E:\VS2010Storage\mydll\mydll\Debug\link.read.1.tlog
E:\VS2010Storage\mydll\mydll\Debug\link.write.1.tlog
E:\VS2010Storage\mydll\mydll\Debug\link-cvtres.read.1.tlog
E:\VS2010Storage\mydll\mydll\Debug\link-cvtres.write.1.tlog
E:\VS2010Storage\mydll\mydll\Debug\mt.command.1.tlog
E:\VS2010Storage\mydll\mydll\Debug\mt.read.1.tlog
E:\VS2010Storage\mydll\mydll\Debug\mt.write.1.tlog
E:\VS2010STORAGE\MYDLL\MYDLL\DEBUG\MYDLL.DLL.EMBED.MANIFEST
E:\VS2010STORAGE\MYDLL\MYDLL\DEBUG\MYDLL.DLL.EMBED.MANIFEST.RES
E:\VS2010STORAGE\MYDLL\MYDLL\DEBUG\MYDLL.DLL.INTERMEDIATE.MANIFEST
E:\VS2010STORAGE\MYDLL\MYDLL\DEBUG\MYDLL.PCH
E:\VS2010Storage\mydll\mydll\Debug\mydll.write.1.tlog
E:\VS2010Storage\mydll\mydll\Debug\mydll_manifest.rc
E:\VS2010STORAGE\MYDLL\MYDLL\DEBUG\POINT.OBJ
E:\VS2010Storage\mydll\mydll\Debug\rc.command.1.tlog
E:\VS2010Storage\mydll\mydll\Debug\rc.read.1.tlog
E:\VS2010Storage\mydll\mydll\Debug\rc.write.1.tlog
E:\VS2010STORAGE\MYDLL\MYDLL\DEBUG\STDAFX.OBJ
E:\VS2010Storage\mydll\mydll\Debug\vc100.idb
E:\VS2010STORAGE\MYDLL\MYDLL\DEBUG\VC100.PDB
