E:\VS2010STORAGE\PLAYCARD\DEBUG\HUAWEI2016.EXE
E:\VS2010STORAGE\PLAYCARD\DEBUG\HUAWEI2016.ILK
E:\VS2010STORAGE\PLAYCARD\DEBUG\HUAWEI2016.PDB
E:\VS2010STORAGE\PLAYCARD\DEBUG\PLAYCARD.EXE
E:\VS2010STORAGE\PLAYCARD\DEBUG\PLAYCARD.ILK
E:\VS2010STORAGE\PLAYCARD\DEBUG\PLAYCARD.PDB
E:\VS2010STORAGE\PLAYCARD\PLAYCARD\DEBUG\CARDCOMPARE.OBJ
E:\VS2010Storage\PlayCard\PlayCard\Debug\cl.command.1.tlog
E:\VS2010Storage\PlayCard\PlayCard\Debug\CL.read.1.tlog
E:\VS2010Storage\PlayCard\PlayCard\Debug\CL.write.1.tlog
E:\VS2010STORAGE\PLAYCARD\PLAYCARD\DEBUG\HIGHESTSCORE.OBJ
E:\VS2010STORAGE\PLAYCARD\PLAYCARD\DEBUG\HUAWEI2016.EXE.EMBED.MANIFEST
E:\VS2010STORAGE\PLAYCARD\PLAYCARD\DEBUG\HUAWEI2016.EXE.EMBED.MANIFEST.RES
E:\VS2010STORAGE\PLAYCARD\PLAYCARD\DEBUG\HUAWEI2016.EXE.INTERMEDIATE.MANIFEST
E:\VS2010Storage\PlayCard\PlayCard\Debug\Huawei2016_manifest.rc
E:\VS2010Storage\PlayCard\PlayCard\Debug\link.11036.read.1.tlog
E:\VS2010Storage\PlayCard\PlayCard\Debug\link.11036.write.1.tlog
E:\VS2010Storage\PlayCard\PlayCard\Debug\link.11036-cvtres.read.1.tlog
E:\VS2010Storage\PlayCard\PlayCard\Debug\link.11036-cvtres.write.1.tlog
E:\VS2010Storage\PlayCard\PlayCard\Debug\link.11512.read.1.tlog
E:\VS2010Storage\PlayCard\PlayCard\Debug\link.11512.write.1.tlog
E:\VS2010Storage\PlayCard\PlayCard\Debug\link.11512-cvtres.read.1.tlog
E:\VS2010Storage\PlayCard\PlayCard\Debug\link.11512-cvtres.write.1.tlog
E:\VS2010Storage\PlayCard\PlayCard\Debug\link.11552.read.1.tlog
E:\VS2010Storage\PlayCard\PlayCard\Debug\link.11552.write.1.tlog
E:\VS2010Storage\PlayCard\PlayCard\Debug\link.11552-cvtres.read.1.tlog
E:\VS2010Storage\PlayCard\PlayCard\Debug\link.11552-cvtres.write.1.tlog
E:\VS2010Storage\PlayCard\PlayCard\Debug\link.1492.read.1.tlog
E:\VS2010Storage\PlayCard\PlayCard\Debug\link.1492.write.1.tlog
E:\VS2010Storage\PlayCard\PlayCard\Debug\link.1492-cvtres.read.1.tlog
E:\VS2010Storage\PlayCard\PlayCard\Debug\link.1492-cvtres.write.1.tlog
E:\VS2010Storage\PlayCard\PlayCard\Debug\link.3088.read.1.tlog
E:\VS2010Storage\PlayCard\PlayCard\Debug\link.3088.write.1.tlog
E:\VS2010Storage\PlayCard\PlayCard\Debug\link.3088-cvtres.read.1.tlog
E:\VS2010Storage\PlayCard\PlayCard\Debug\link.3088-cvtres.write.1.tlog
E:\VS2010Storage\PlayCard\PlayCard\Debug\link.3240.read.1.tlog
E:\VS2010Storage\PlayCard\PlayCard\Debug\link.3240.write.1.tlog
E:\VS2010Storage\PlayCard\PlayCard\Debug\link.3240-cvtres.read.1.tlog
E:\VS2010Storage\PlayCard\PlayCard\Debug\link.3240-cvtres.write.1.tlog
E:\VS2010Storage\PlayCard\PlayCard\Debug\link.6064.read.1.tlog
E:\VS2010Storage\PlayCard\PlayCard\Debug\link.6064.write.1.tlog
E:\VS2010Storage\PlayCard\PlayCard\Debug\link.6064-cvtres.read.1.tlog
E:\VS2010Storage\PlayCard\PlayCard\Debug\link.6064-cvtres.write.1.tlog
E:\VS2010Storage\PlayCard\PlayCard\Debug\link.6400.read.1.tlog
E:\VS2010Storage\PlayCard\PlayCard\Debug\link.6400.write.1.tlog
E:\VS2010Storage\PlayCard\PlayCard\Debug\link.6400-cvtres.read.1.tlog
E:\VS2010Storage\PlayCard\PlayCard\Debug\link.6400-cvtres.write.1.tlog
E:\VS2010Storage\PlayCard\PlayCard\Debug\link.7088.read.1.tlog
E:\VS2010Storage\PlayCard\PlayCard\Debug\link.7088.write.1.tlog
E:\VS2010Storage\PlayCard\PlayCard\Debug\link.7088-cvtres.read.1.tlog
E:\VS2010Storage\PlayCard\PlayCard\Debug\link.7088-cvtres.write.1.tlog
E:\VS2010Storage\PlayCard\PlayCard\Debug\link.7124.read.1.tlog
E:\VS2010Storage\PlayCard\PlayCard\Debug\link.7124.write.1.tlog
E:\VS2010Storage\PlayCard\PlayCard\Debug\link.7124-cvtres.read.1.tlog
E:\VS2010Storage\PlayCard\PlayCard\Debug\link.7124-cvtres.write.1.tlog
E:\VS2010Storage\PlayCard\PlayCard\Debug\link.8512.read.1.tlog
E:\VS2010Storage\PlayCard\PlayCard\Debug\link.8512.write.1.tlog
E:\VS2010Storage\PlayCard\PlayCard\Debug\link.8512-cvtres.read.1.tlog
E:\VS2010Storage\PlayCard\PlayCard\Debug\link.8512-cvtres.write.1.tlog
E:\VS2010Storage\PlayCard\PlayCard\Debug\link.9488.read.1.tlog
E:\VS2010Storage\PlayCard\PlayCard\Debug\link.9488.write.1.tlog
E:\VS2010Storage\PlayCard\PlayCard\Debug\link.9488-cvtres.read.1.tlog
E:\VS2010Storage\PlayCard\PlayCard\Debug\link.9488-cvtres.write.1.tlog
E:\VS2010Storage\PlayCard\PlayCard\Debug\link.9652.read.1.tlog
E:\VS2010Storage\PlayCard\PlayCard\Debug\link.9652.write.1.tlog
E:\VS2010Storage\PlayCard\PlayCard\Debug\link.9652-cvtres.read.1.tlog
E:\VS2010Storage\PlayCard\PlayCard\Debug\link.9652-cvtres.write.1.tlog
E:\VS2010Storage\PlayCard\PlayCard\Debug\link.command.1.tlog
E:\VS2010Storage\PlayCard\PlayCard\Debug\link.read.1.tlog
E:\VS2010Storage\PlayCard\PlayCard\Debug\link.write.1.tlog
E:\VS2010Storage\PlayCard\PlayCard\Debug\link-cvtres.read.1.tlog
E:\VS2010Storage\PlayCard\PlayCard\Debug\link-cvtres.write.1.tlog
E:\VS2010Storage\PlayCard\PlayCard\Debug\mt.command.1.tlog
E:\VS2010Storage\PlayCard\PlayCard\Debug\mt.read.1.tlog
E:\VS2010Storage\PlayCard\PlayCard\Debug\mt.write.1.tlog
E:\VS2010STORAGE\PLAYCARD\PLAYCARD\DEBUG\PLAYCARD.EXE.EMBED.MANIFEST
E:\VS2010STORAGE\PLAYCARD\PLAYCARD\DEBUG\PLAYCARD.EXE.EMBED.MANIFEST.RES
E:\VS2010STORAGE\PLAYCARD\PLAYCARD\DEBUG\PLAYCARD.EXE.INTERMEDIATE.MANIFEST
E:\VS2010Storage\PlayCard\PlayCard\Debug\PlayCard_manifest.rc
E:\VS2010Storage\PlayCard\PlayCard\Debug\rc.command.1.tlog
E:\VS2010Storage\PlayCard\PlayCard\Debug\rc.read.1.tlog
E:\VS2010Storage\PlayCard\PlayCard\Debug\rc.write.1.tlog
E:\VS2010STORAGE\PLAYCARD\PLAYCARD\DEBUG\SIMPLEERRORRECORD.OBJ
E:\VS2010Storage\PlayCard\PlayCard\Debug\vc100.idb
E:\VS2010STORAGE\PLAYCARD\PLAYCARD\DEBUG\VC100.PDB
