生成启动时间为 2015/7/27 19:35:48。
     1>项目“E:\VS2010Storage\kthGreatNum\kthGreatNum\kthGreatNum.vcxproj”在节点 2 上(build 个目标)。
     1>InitializeBuildStatus:
         正在创建“Debug\kthGreatNum.unsuccessfulbuild”，因为已指定“AlwaysCreate”。
       ClCompile:
         e:\VS2010SetupFile\VC\bin\CL.exe /c /ZI /nologo /W3 /WX- /Od /Oy- /D WIN32 /D _DEBUG /D _CONSOLE /D _UNICODE /D UNICODE /Gm /EHsc /RTC1 /MDd /GS /fp:precise /Zc:wchar_t /Zc:forScope /Fo"Debug\\" /Fd"Debug\vc100.pdb" /Gd /TC /analyze- /errorReport:prompt kthGreatNum.c
         kthGreatNum.c
     1>e:\vs2010storage\kthgreatnum\kthgreatnum\kthgreatnum.c(91): warning C4101: “i”: 未引用的局部变量
     1>e:\vs2010storage\kthgreatnum\kthgreatnum\kthgreatnum.c(63): warning C4715: “QuickSort”: 不是所有的控件路径都返回值
       ManifestResourceCompile:
         所有输出均为最新。
       Link:
         e:\VS2010SetupFile\VC\bin\link.exe /ERRORREPORT:PROMPT /OUT:"E:\VS2010Storage\kthGreatNum\Debug\kthGreatNum.exe" /INCREMENTAL /NOLOGO kernel32.lib user32.lib gdi32.lib winspool.lib comdlg32.lib advapi32.lib shell32.lib ole32.lib oleaut32.lib uuid.lib odbc32.lib odbccp32.lib /MANIFEST /ManifestFile:"Debug\kthGreatNum.exe.intermediate.manifest" /MANIFESTUAC:"level='asInvoker' uiAccess='false'" /DEBUG /PDB:"E:\VS2010Storage\kthGreatNum\Debug\kthGreatNum.pdb" /SUBSYSTEM:CONSOLE /TLBID:1 /DYNAMICBASE /NXCOMPAT /IMPLIB:"E:\VS2010Storage\kthGreatNum\Debug\kthGreatNum.lib" /MACHINE:X86 Debug\kthGreatNum.exe.embed.manifest.res
         Debug\kthGreatNum.obj
       Manifest:
         C:\Program Files\Microsoft SDKs\Windows\v7.0A\bin\mt.exe /nologo /verbose /out:"Debug\kthGreatNum.exe.embed.manifest" /manifest Debug\kthGreatNum.exe.intermediate.manifest
         所有输出均为最新。
       LinkEmbedManifest:
         所有输出均为最新。
         kthGreatNum.vcxproj -> E:\VS2010Storage\kthGreatNum\Debug\kthGreatNum.exe
       FinalizeBuildStatus:
         正在删除文件“Debug\kthGreatNum.unsuccessfulbuild”。
         正在对“Debug\kthGreatNum.lastbuildstate”执行 Touch 任务。
     1>已完成生成项目“E:\VS2010Storage\kthGreatNum\kthGreatNum\kthGreatNum.vcxproj”(build 个目标)的操作。

生成成功。

已用时间 00:00:01.43
