E:\VS2010STORAGE\BINARYTREE\BINARYTREE\DEBUG\BINARYTREE.EXE.EMBED.MANIFEST
E:\VS2010STORAGE\BINARYTREE\BINARYTREE\DEBUG\BINARYTREE.EXE.EMBED.MANIFEST.RES
E:\VS2010STORAGE\BINARYTREE\BINARYTREE\DEBUG\BINARYTREE.EXE.INTERMEDIATE.MANIFEST
E:\VS2010Storage\BinaryTree\BinaryTree\Debug\BinaryTree_manifest.rc
E:\VS2010STORAGE\BINARYTREE\BINARYTREE\DEBUG\BINARYTREEHIGH.OBJ
E:\VS2010STORAGE\BINARYTREE\BINARYTREE\DEBUG\BINARYTREEMAIN.OBJ
E:\VS2010Storage\BinaryTree\BinaryTree\Debug\cl.command.1.tlog
E:\VS2010Storage\BinaryTree\BinaryTree\Debug\CL.read.1.tlog
E:\VS2010Storage\BinaryTree\BinaryTree\Debug\CL.write.1.tlog
E:\VS2010STORAGE\BINARYTREE\BINARYTREE\DEBUG\CREATEBINARYTREE.OBJ
E:\VS2010STORAGE\BINARYTREE\BINARYTREE\DEBUG\CREATESORTBINARYTREE.OBJ
E:\VS2010STORAGE\BINARYTREE\BINARYTREE\DEBUG\DEEPORDER.OBJ
E:\VS2010STORAGE\BINARYTREE\BINARYTREE\DEBUG\INORDER.OBJ
E:\VS2010STORAGE\BINARYTREE\BINARYTREE\DEBUG\INSERTNODETOSORTTREE.OBJ
E:\VS2010STORAGE\BINARYTREE\BINARYTREE\DEBUG\ISSORTBINARYTREE.OBJ
E:\VS2010STORAGE\BINARYTREE\BINARYTREE\DEBUG\LEAFNODENUM.OBJ
E:\VS2010STORAGE\BINARYTREE\BINARYTREE\DEBUG\LEVERLORDER.OBJ
E:\VS2010Storage\BinaryTree\BinaryTree\Debug\link.10200.read.1.tlog
E:\VS2010Storage\BinaryTree\BinaryTree\Debug\link.10200.write.1.tlog
E:\VS2010Storage\BinaryTree\BinaryTree\Debug\link.10200-cvtres.read.1.tlog
E:\VS2010Storage\BinaryTree\BinaryTree\Debug\link.10200-cvtres.write.1.tlog
E:\VS2010Storage\BinaryTree\BinaryTree\Debug\link.10544.read.1.tlog
E:\VS2010Storage\BinaryTree\BinaryTree\Debug\link.10544.write.1.tlog
E:\VS2010Storage\BinaryTree\BinaryTree\Debug\link.10544-cvtres.read.1.tlog
E:\VS2010Storage\BinaryTree\BinaryTree\Debug\link.10544-cvtres.write.1.tlog
E:\VS2010Storage\BinaryTree\BinaryTree\Debug\link.12224.read.1.tlog
E:\VS2010Storage\BinaryTree\BinaryTree\Debug\link.12224.write.1.tlog
E:\VS2010Storage\BinaryTree\BinaryTree\Debug\link.12224-cvtres.read.1.tlog
E:\VS2010Storage\BinaryTree\BinaryTree\Debug\link.12224-cvtres.write.1.tlog
E:\VS2010Storage\BinaryTree\BinaryTree\Debug\link.176.read.1.tlog
E:\VS2010Storage\BinaryTree\BinaryTree\Debug\link.176.write.1.tlog
E:\VS2010Storage\BinaryTree\BinaryTree\Debug\link.176-cvtres.read.1.tlog
E:\VS2010Storage\BinaryTree\BinaryTree\Debug\link.176-cvtres.write.1.tlog
E:\VS2010Storage\BinaryTree\BinaryTree\Debug\link.2628.read.1.tlog
E:\VS2010Storage\BinaryTree\BinaryTree\Debug\link.2628.write.1.tlog
E:\VS2010Storage\BinaryTree\BinaryTree\Debug\link.2628-cvtres.read.1.tlog
E:\VS2010Storage\BinaryTree\BinaryTree\Debug\link.2628-cvtres.write.1.tlog
E:\VS2010Storage\BinaryTree\BinaryTree\Debug\link.4192.read.1.tlog
E:\VS2010Storage\BinaryTree\BinaryTree\Debug\link.4192.write.1.tlog
E:\VS2010Storage\BinaryTree\BinaryTree\Debug\link.4192-cvtres.read.1.tlog
E:\VS2010Storage\BinaryTree\BinaryTree\Debug\link.4192-cvtres.write.1.tlog
E:\VS2010Storage\BinaryTree\BinaryTree\Debug\link.4708.read.1.tlog
E:\VS2010Storage\BinaryTree\BinaryTree\Debug\link.4708.write.1.tlog
E:\VS2010Storage\BinaryTree\BinaryTree\Debug\link.4708-cvtres.read.1.tlog
E:\VS2010Storage\BinaryTree\BinaryTree\Debug\link.4708-cvtres.write.1.tlog
E:\VS2010Storage\BinaryTree\BinaryTree\Debug\link.5424.read.1.tlog
E:\VS2010Storage\BinaryTree\BinaryTree\Debug\link.5424.write.1.tlog
E:\VS2010Storage\BinaryTree\BinaryTree\Debug\link.5424-cvtres.read.1.tlog
E:\VS2010Storage\BinaryTree\BinaryTree\Debug\link.5424-cvtres.write.1.tlog
E:\VS2010Storage\BinaryTree\BinaryTree\Debug\link.6500.read.1.tlog
E:\VS2010Storage\BinaryTree\BinaryTree\Debug\link.6500.write.1.tlog
E:\VS2010Storage\BinaryTree\BinaryTree\Debug\link.6500-cvtres.read.1.tlog
E:\VS2010Storage\BinaryTree\BinaryTree\Debug\link.6500-cvtres.write.1.tlog
E:\VS2010Storage\BinaryTree\BinaryTree\Debug\link.8416.read.1.tlog
E:\VS2010Storage\BinaryTree\BinaryTree\Debug\link.8416.write.1.tlog
E:\VS2010Storage\BinaryTree\BinaryTree\Debug\link.8416-cvtres.read.1.tlog
E:\VS2010Storage\BinaryTree\BinaryTree\Debug\link.8416-cvtres.write.1.tlog
E:\VS2010Storage\BinaryTree\BinaryTree\Debug\link.8584.read.1.tlog
E:\VS2010Storage\BinaryTree\BinaryTree\Debug\link.8584.write.1.tlog
E:\VS2010Storage\BinaryTree\BinaryTree\Debug\link.8584-cvtres.read.1.tlog
E:\VS2010Storage\BinaryTree\BinaryTree\Debug\link.8584-cvtres.write.1.tlog
E:\VS2010Storage\BinaryTree\BinaryTree\Debug\link.8896.read.1.tlog
E:\VS2010Storage\BinaryTree\BinaryTree\Debug\link.8896.write.1.tlog
E:\VS2010Storage\BinaryTree\BinaryTree\Debug\link.8896-cvtres.read.1.tlog
E:\VS2010Storage\BinaryTree\BinaryTree\Debug\link.8896-cvtres.write.1.tlog
E:\VS2010Storage\BinaryTree\BinaryTree\Debug\link.8928.read.1.tlog
E:\VS2010Storage\BinaryTree\BinaryTree\Debug\link.8928.write.1.tlog
E:\VS2010Storage\BinaryTree\BinaryTree\Debug\link.8928-cvtres.read.1.tlog
E:\VS2010Storage\BinaryTree\BinaryTree\Debug\link.8928-cvtres.write.1.tlog
E:\VS2010Storage\BinaryTree\BinaryTree\Debug\link.8948.read.1.tlog
E:\VS2010Storage\BinaryTree\BinaryTree\Debug\link.8948.write.1.tlog
E:\VS2010Storage\BinaryTree\BinaryTree\Debug\link.8948-cvtres.read.1.tlog
E:\VS2010Storage\BinaryTree\BinaryTree\Debug\link.8948-cvtres.write.1.tlog
E:\VS2010Storage\BinaryTree\BinaryTree\Debug\link.9468.read.1.tlog
E:\VS2010Storage\BinaryTree\BinaryTree\Debug\link.9468.write.1.tlog
E:\VS2010Storage\BinaryTree\BinaryTree\Debug\link.9468-cvtres.read.1.tlog
E:\VS2010Storage\BinaryTree\BinaryTree\Debug\link.9468-cvtres.write.1.tlog
E:\VS2010Storage\BinaryTree\BinaryTree\Debug\link.9676.read.1.tlog
E:\VS2010Storage\BinaryTree\BinaryTree\Debug\link.9676.write.1.tlog
E:\VS2010Storage\BinaryTree\BinaryTree\Debug\link.9676-cvtres.read.1.tlog
E:\VS2010Storage\BinaryTree\BinaryTree\Debug\link.9676-cvtres.write.1.tlog
E:\VS2010Storage\BinaryTree\BinaryTree\Debug\link.9792.read.1.tlog
E:\VS2010Storage\BinaryTree\BinaryTree\Debug\link.9792.write.1.tlog
E:\VS2010Storage\BinaryTree\BinaryTree\Debug\link.9792-cvtres.read.1.tlog
E:\VS2010Storage\BinaryTree\BinaryTree\Debug\link.9792-cvtres.write.1.tlog
E:\VS2010Storage\BinaryTree\BinaryTree\Debug\link.9964.read.1.tlog
E:\VS2010Storage\BinaryTree\BinaryTree\Debug\link.9964.write.1.tlog
E:\VS2010Storage\BinaryTree\BinaryTree\Debug\link.9964-cvtres.read.1.tlog
E:\VS2010Storage\BinaryTree\BinaryTree\Debug\link.9964-cvtres.write.1.tlog
E:\VS2010Storage\BinaryTree\BinaryTree\Debug\link.command.1.tlog
E:\VS2010Storage\BinaryTree\BinaryTree\Debug\link.read.1.tlog
E:\VS2010Storage\BinaryTree\BinaryTree\Debug\link.write.1.tlog
E:\VS2010Storage\BinaryTree\BinaryTree\Debug\link-cvtres.read.1.tlog
E:\VS2010Storage\BinaryTree\BinaryTree\Debug\link-cvtres.write.1.tlog
E:\VS2010Storage\BinaryTree\BinaryTree\Debug\mt.command.1.tlog
E:\VS2010Storage\BinaryTree\BinaryTree\Debug\mt.read.1.tlog
E:\VS2010Storage\BinaryTree\BinaryTree\Debug\mt.write.1.tlog
E:\VS2010STORAGE\BINARYTREE\BINARYTREE\DEBUG\ONEDEGREE.OBJ
E:\VS2010STORAGE\BINARYTREE\BINARYTREE\DEBUG\POSTORDER.OBJ
E:\VS2010STORAGE\BINARYTREE\BINARYTREE\DEBUG\PREORDER.OBJ
E:\VS2010Storage\BinaryTree\BinaryTree\Debug\rc.command.1.tlog
E:\VS2010Storage\BinaryTree\BinaryTree\Debug\rc.read.1.tlog
E:\VS2010Storage\BinaryTree\BinaryTree\Debug\rc.write.1.tlog
E:\VS2010STORAGE\BINARYTREE\BINARYTREE\DEBUG\TWODEGREE.OBJ
E:\VS2010Storage\BinaryTree\BinaryTree\Debug\vc100.idb
E:\VS2010STORAGE\BINARYTREE\BINARYTREE\DEBUG\VC100.PDB
E:\VS2010STORAGE\BINARYTREE\DEBUG\BINARYTREE.EXE
E:\VS2010STORAGE\BINARYTREE\DEBUG\BINARYTREE.ILK
E:\VS2010STORAGE\BINARYTREE\DEBUG\BINARYTREE.PDB
