生成启动时间为 2016/6/11 10:40:00。
     1>项目“E:\VS2010Storage\BinaryTree\BinaryTree\BinaryTree.vcxproj”在节点 2 上(rebuild 个目标)。
     1>_PrepareForClean:
         正在删除文件“Debug\BinaryTree.lastbuildstate”。
       InitializeBuildStatus:
         正在创建“Debug\BinaryTree.unsuccessfulbuild”，因为已指定“AlwaysCreate”。
       ClCompile:
         C:\Program Files (x86)\Microsoft Visual Studio 10.0\VC\bin\CL.exe /c /ZI /nologo /W3 /WX- /Od /Oy- /D WIN32 /D _DEBUG /D _CONSOLE /D _UNICODE /D UNICODE /Gm /EHsc /RTC1 /MDd /GS /fp:precise /Zc:wchar_t /Zc:forScope /Fo"Debug\\" /Fd"Debug\vc100.pdb" /Gd /TC /analyze- /errorReport:prompt BinaryTreeHigh.c BinaryTreeMain.c CreateBinaryTree.c CreateSortBinaryTree.c InsertNodeToSortTree.c InOrder.c IsSortBinaryTree.c LeafNodeNum.c LeverlOrder.c OneDegree.c PostOrder.c PreOrder.c TwoDegree.c
         TwoDegree.c
         PreOrder.c
         PostOrder.c
         OneDegree.c
         LeverlOrder.c
         LeafNodeNum.c
         IsSortBinaryTree.c
         InOrder.c
         InsertNodeToSortTree.c
         CreateSortBinaryTree.c
         CreateBinaryTree.c
         BinaryTreeMain.c
         BinaryTreeHigh.c
         正在生成代码...
       ManifestResourceCompile:
         C:\Program Files (x86)\Microsoft SDKs\Windows\v7.0A\bin\rc.exe /nologo /fo"Debug\BinaryTree.exe.embed.manifest.res" Debug\BinaryTree_manifest.rc 
       Link:
         C:\Program Files (x86)\Microsoft Visual Studio 10.0\VC\bin\link.exe /ERRORREPORT:PROMPT /OUT:"E:\VS2010Storage\BinaryTree\Debug\BinaryTree.exe" /INCREMENTAL /NOLOGO kernel32.lib user32.lib gdi32.lib winspool.lib comdlg32.lib advapi32.lib shell32.lib ole32.lib oleaut32.lib uuid.lib odbc32.lib odbccp32.lib /MANIFEST /ManifestFile:"Debug\BinaryTree.exe.intermediate.manifest" /MANIFESTUAC:"level='asInvoker' uiAccess='false'" /DEBUG /PDB:"E:\VS2010Storage\BinaryTree\Debug\BinaryTree.pdb" /SUBSYSTEM:CONSOLE /TLBID:1 /DYNAMICBASE /NXCOMPAT /IMPLIB:"E:\VS2010Storage\BinaryTree\Debug\BinaryTree.lib" /MACHINE:X86 Debug\BinaryTree.exe.embed.manifest.res
         Debug\BinaryTreeHigh.obj
         Debug\BinaryTreeMain.obj
         Debug\CreateBinaryTree.obj
         Debug\CreateSortBinaryTree.obj
         Debug\InsertNodeToSortTree.obj
         Debug\InOrder.obj
         Debug\IsSortBinaryTree.obj
         Debug\LeafNodeNum.obj
         Debug\LeverlOrder.obj
         Debug\OneDegree.obj
         Debug\PostOrder.obj
         Debug\PreOrder.obj
         Debug\TwoDegree.obj
       Manifest:
         正在删除文件“Debug\BinaryTree.exe.embed.manifest”。
         C:\Program Files (x86)\Microsoft SDKs\Windows\v7.0A\bin\mt.exe /nologo /verbose /out:"Debug\BinaryTree.exe.embed.manifest" /manifest Debug\BinaryTree.exe.intermediate.manifest
         C:\Program Files (x86)\Microsoft SDKs\Windows\v7.0A\bin\rc.exe /nologo /fo"Debug\BinaryTree.exe.embed.manifest.res" Debug\BinaryTree_manifest.rc 
       LinkEmbedManifest:
         C:\Program Files (x86)\Microsoft Visual Studio 10.0\VC\bin\link.exe /ERRORREPORT:PROMPT /OUT:"E:\VS2010Storage\BinaryTree\Debug\BinaryTree.exe" /INCREMENTAL /NOLOGO kernel32.lib user32.lib gdi32.lib winspool.lib comdlg32.lib advapi32.lib shell32.lib ole32.lib oleaut32.lib uuid.lib odbc32.lib odbccp32.lib /MANIFEST /ManifestFile:"Debug\BinaryTree.exe.intermediate.manifest" /MANIFESTUAC:"level='asInvoker' uiAccess='false'" /DEBUG /PDB:"E:\VS2010Storage\BinaryTree\Debug\BinaryTree.pdb" /SUBSYSTEM:CONSOLE /TLBID:1 /DYNAMICBASE /NXCOMPAT /IMPLIB:"E:\VS2010Storage\BinaryTree\Debug\BinaryTree.lib" /MACHINE:X86 Debug\BinaryTree.exe.embed.manifest.res
         Debug\BinaryTreeHigh.obj
         Debug\BinaryTreeMain.obj
         Debug\CreateBinaryTree.obj
         Debug\CreateSortBinaryTree.obj
         Debug\InsertNodeToSortTree.obj
         Debug\InOrder.obj
         Debug\IsSortBinaryTree.obj
         Debug\LeafNodeNum.obj
         Debug\LeverlOrder.obj
         Debug\OneDegree.obj
         Debug\PostOrder.obj
         Debug\PreOrder.obj
         Debug\TwoDegree.obj
         BinaryTree.vcxproj -> E:\VS2010Storage\BinaryTree\Debug\BinaryTree.exe
       FinalizeBuildStatus:
         正在删除文件“Debug\BinaryTree.unsuccessfulbuild”。
         正在对“Debug\BinaryTree.lastbuildstate”执行 Touch 任务。
     1>已完成生成项目“E:\VS2010Storage\BinaryTree\BinaryTree\BinaryTree.vcxproj”(rebuild 个目标)的操作。

生成成功。

已用时间 00:00:02.15
