生成启动时间为 2016/5/27 13:09:02。
     1>项目“F:\VS2010Storage\TreeControl\TreeControl\TreeControl.vcxproj”在节点 2 上(build 个目标)。
     1>InitializeBuildStatus:
         正在创建“Debug\TreeControl.unsuccessfulbuild”，因为已指定“AlwaysCreate”。
       ClCompile:
         所有输出均为最新。
         d:\VS2010SetupFile\VC\bin\CL.exe /c /ZI /nologo /W3 /WX- /Od /Oy- /D WIN32 /D _WINDOWS /D _DEBUG /D _UNICODE /D UNICODE /D _AFXDLL /Gm /EHsc /RTC1 /MDd /GS /fp:precise /Zc:wchar_t /Zc:forScope /Yu"StdAfx.h" /Fp"Debug\TreeControl.pch" /Fo"Debug\\" /Fd"Debug\vc100.pdb" /Gd /TP /analyze- /errorReport:prompt TreeControlDlg.cpp
         TreeControlDlg.cpp
       ResourceCompile:
         所有输出均为最新。
       ManifestResourceCompile:
         所有输出均为最新。
       Link:
         d:\VS2010SetupFile\VC\bin\link.exe /ERRORREPORT:PROMPT /OUT:"F:\VS2010Storage\TreeControl\Debug\TreeControl.exe" /INCREMENTAL /NOLOGO /MANIFEST /ManifestFile:"Debug\TreeControl.exe.intermediate.manifest" /MANIFESTUAC:"level='asInvoker' uiAccess='false'" /DEBUG /PDB:"F:\VS2010Storage\TreeControl\Debug\TreeControl.pdb" /SUBSYSTEM:WINDOWS /TLBID:1 /ENTRY:"wWinMainCRTStartup" /DYNAMICBASE /NXCOMPAT /IMPLIB:"F:\VS2010Storage\TreeControl\Debug\TreeControl.lib" /MACHINE:X86 Debug\TreeControl.res
         Debug\TreeControl.exe.embed.manifest.res
         Debug\stdafx.obj
         Debug\TreeControl.obj
         Debug\TreeControlDlg.obj
       Manifest:
         C:\Program Files (x86)\Microsoft SDKs\Windows\v7.0A\bin\mt.exe /nologo /verbose /out:"Debug\TreeControl.exe.embed.manifest" /manifest Debug\TreeControl.exe.intermediate.manifest d:\VS2010SetupFile\VC\Include\Manifest\dpiaware.manifest
         所有输出均为最新。
       LinkEmbedManifest:
         所有输出均为最新。
         TreeControl.vcxproj -> F:\VS2010Storage\TreeControl\Debug\TreeControl.exe
       FinalizeBuildStatus:
         正在删除文件“Debug\TreeControl.unsuccessfulbuild”。
         正在对“Debug\TreeControl.lastbuildstate”执行 Touch 任务。
     1>已完成生成项目“F:\VS2010Storage\TreeControl\TreeControl\TreeControl.vcxproj”(build 个目标)的操作。

生成成功。

已用时间 00:00:00.36
