生成启动时间为 2015/11/3 11:08:26。
     1>项目“E:\VS2010Storage\Visual Studio 2008 Storage\C++tryFile\AnimalIdentification\AnimalIdentification\AnimalIdentification.vcxproj”在节点 2 上(build 个目标)。
     1>InitializeBuildStatus:
         正在对“Debug\AnimalIdentification.unsuccessfulbuild”执行 Touch 任务。
       ClCompile:
         所有输出均为最新。
         所有输出均为最新。
       ResourceCompile:
         C:\Program Files (x86)\Microsoft SDKs\Windows\v7.0A\bin\rc.exe /D _DEBUG /D _UNICODE /D UNICODE /D _AFXDLL /l"0x0804" /IDebug\ /nologo /fo"Debug\AnimalIdentification.res" AnimalIdentification.rc 
       ManifestResourceCompile:
         C:\Program Files (x86)\Microsoft SDKs\Windows\v7.0A\bin\rc.exe /nologo /fo"Debug\AnimalIdentification.exe.embed.manifest.res" Debug\AnimalIdentification_manifest.rc 
       Link:
         e:\VS2010SetupFile\VC\bin\link.exe /ERRORREPORT:PROMPT /OUT:"E:\VS2010Storage\Visual Studio 2008 Storage\C++tryFile\AnimalIdentification\Debug\AnimalIdentification.exe" /INCREMENTAL /NOLOGO /MANIFEST /ManifestFile:"Debug\AnimalIdentification.exe.intermediate.manifest" /MANIFESTUAC:"level='asInvoker' uiAccess='false'" /DEBUG /PDB:"E:\VS2010Storage\Visual Studio 2008 Storage\C++tryFile\AnimalIdentification\Debug\AnimalIdentification.pdb" /SUBSYSTEM:WINDOWS /TLBID:1 /ENTRY:"wWinMainCRTStartup" /DYNAMICBASE /NXCOMPAT /IMPLIB:"E:\VS2010Storage\Visual Studio 2008 Storage\C++tryFile\AnimalIdentification\Debug\AnimalIdentification.lib" /MACHINE:X86 Debug\AnimalIdentification.res
         Debug\AnimalIdentification.exe.embed.manifest.res
         Debug\AnimalFeature.obj
         Debug\AnimalIdentification.obj
         Debug\AnimalIdentificationDlg.obj
         Debug\stdafx.obj
       Manifest:
         C:\Program Files (x86)\Microsoft SDKs\Windows\v7.0A\bin\mt.exe /nologo /verbose /out:"Debug\AnimalIdentification.exe.embed.manifest" /manifest Debug\AnimalIdentification.exe.intermediate.manifest e:\VS2010SetupFile\VC\Include\Manifest\dpiaware.manifest
         C:\Program Files (x86)\Microsoft SDKs\Windows\v7.0A\bin\rc.exe /nologo /fo"Debug\AnimalIdentification.exe.embed.manifest.res" Debug\AnimalIdentification_manifest.rc 
       LinkEmbedManifest:
         e:\VS2010SetupFile\VC\bin\link.exe /ERRORREPORT:PROMPT /OUT:"E:\VS2010Storage\Visual Studio 2008 Storage\C++tryFile\AnimalIdentification\Debug\AnimalIdentification.exe" /INCREMENTAL /NOLOGO /MANIFEST /ManifestFile:"Debug\AnimalIdentification.exe.intermediate.manifest" /MANIFESTUAC:"level='asInvoker' uiAccess='false'" /DEBUG /PDB:"E:\VS2010Storage\Visual Studio 2008 Storage\C++tryFile\AnimalIdentification\Debug\AnimalIdentification.pdb" /SUBSYSTEM:WINDOWS /TLBID:1 /ENTRY:"wWinMainCRTStartup" /DYNAMICBASE /NXCOMPAT /IMPLIB:"E:\VS2010Storage\Visual Studio 2008 Storage\C++tryFile\AnimalIdentification\Debug\AnimalIdentification.lib" /MACHINE:X86 Debug\AnimalIdentification.res
         Debug\AnimalIdentification.exe.embed.manifest.res
         Debug\AnimalFeature.obj
         Debug\AnimalIdentification.obj
         Debug\AnimalIdentificationDlg.obj
         Debug\stdafx.obj
         AnimalIdentification.vcxproj -> E:\VS2010Storage\Visual Studio 2008 Storage\C++tryFile\AnimalIdentification\Debug\AnimalIdentification.exe
       FinalizeBuildStatus:
         正在删除文件“Debug\AnimalIdentification.unsuccessfulbuild”。
         正在对“Debug\AnimalIdentification.lastbuildstate”执行 Touch 任务。
     1>已完成生成项目“E:\VS2010Storage\Visual Studio 2008 Storage\C++tryFile\AnimalIdentification\AnimalIdentification\AnimalIdentification.vcxproj”(build 个目标)的操作。

生成成功。

已用时间 00:00:05.49
