E:\VS2010STORAGE\P314EXP10_5\DEBUG\P314EXP10_5.EXE
E:\VS2010STORAGE\P314EXP10_5\DEBUG\P314EXP10_5.ILK
E:\VS2010STORAGE\P314EXP10_5\DEBUG\P314EXP10_5.PDB
E:\VS2010Storage\p314exp10_5\p314exp10_5\Debug\cl.command.1.tlog
E:\VS2010Storage\p314exp10_5\p314exp10_5\Debug\CL.read.1.tlog
E:\VS2010Storage\p314exp10_5\p314exp10_5\Debug\CL.write.1.tlog
E:\VS2010Storage\p314exp10_5\p314exp10_5\Debug\link.10936.read.1.tlog
E:\VS2010Storage\p314exp10_5\p314exp10_5\Debug\link.10936.write.1.tlog
E:\VS2010Storage\p314exp10_5\p314exp10_5\Debug\link.10936-cvtres.read.1.tlog
E:\VS2010Storage\p314exp10_5\p314exp10_5\Debug\link.10936-cvtres.write.1.tlog
E:\VS2010Storage\p314exp10_5\p314exp10_5\Debug\link.11684.read.1.tlog
E:\VS2010Storage\p314exp10_5\p314exp10_5\Debug\link.11684.write.1.tlog
E:\VS2010Storage\p314exp10_5\p314exp10_5\Debug\link.11684-cvtres.read.1.tlog
E:\VS2010Storage\p314exp10_5\p314exp10_5\Debug\link.11684-cvtres.write.1.tlog
E:\VS2010Storage\p314exp10_5\p314exp10_5\Debug\link.13132.read.1.tlog
E:\VS2010Storage\p314exp10_5\p314exp10_5\Debug\link.13132.write.1.tlog
E:\VS2010Storage\p314exp10_5\p314exp10_5\Debug\link.13132-cvtres.read.1.tlog
E:\VS2010Storage\p314exp10_5\p314exp10_5\Debug\link.13132-cvtres.write.1.tlog
E:\VS2010Storage\p314exp10_5\p314exp10_5\Debug\link.command.1.tlog
E:\VS2010Storage\p314exp10_5\p314exp10_5\Debug\link.read.1.tlog
E:\VS2010Storage\p314exp10_5\p314exp10_5\Debug\link.write.1.tlog
E:\VS2010Storage\p314exp10_5\p314exp10_5\Debug\link-cvtres.read.1.tlog
E:\VS2010Storage\p314exp10_5\p314exp10_5\Debug\link-cvtres.write.1.tlog
E:\VS2010Storage\p314exp10_5\p314exp10_5\Debug\mt.command.1.tlog
E:\VS2010Storage\p314exp10_5\p314exp10_5\Debug\mt.read.1.tlog
E:\VS2010Storage\p314exp10_5\p314exp10_5\Debug\mt.write.1.tlog
E:\VS2010STORAGE\P314EXP10_5\P314EXP10_5\DEBUG\P314EXP10_5.EXE.EMBED.MANIFEST
E:\VS2010STORAGE\P314EXP10_5\P314EXP10_5\DEBUG\P314EXP10_5.EXE.EMBED.MANIFEST.RES
E:\VS2010STORAGE\P314EXP10_5\P314EXP10_5\DEBUG\P314EXP10_5.EXE.INTERMEDIATE.MANIFEST
E:\VS2010STORAGE\P314EXP10_5\P314EXP10_5\DEBUG\P314EXP10_5.OBJ
E:\VS2010Storage\p314exp10_5\p314exp10_5\Debug\p314exp10_5_manifest.rc
E:\VS2010Storage\p314exp10_5\p314exp10_5\Debug\rc.command.1.tlog
E:\VS2010Storage\p314exp10_5\p314exp10_5\Debug\rc.read.1.tlog
E:\VS2010Storage\p314exp10_5\p314exp10_5\Debug\rc.write.1.tlog
E:\VS2010Storage\p314exp10_5\p314exp10_5\Debug\vc100.idb
E:\VS2010STORAGE\P314EXP10_5\P314EXP10_5\DEBUG\VC100.PDB
